TN:
SF:script/CreateSafeWithOctantRewardsSafeModule.s.sol
FN:23,CreateSafeWithModule.setUp
FNDA:0,CreateSafeWithModule.setUp
DA:25,0
DA:26,0
DA:29,0
DA:30,0
DA:32,0
DA:33,0
DA:34,0
DA:35,0
DA:36,0
DA:37,0
FN:40,CreateSafeWithModule.run
FNDA:0,CreateSafeWithModule.run
DA:41,0
DA:44,0
DA:45,0
DA:62,0
DA:64,0
DA:67,0
FNF:2
FNH:0
LF:16
LH:0
BRF:0
BRH:0
end_of_record
TN:
SF:script/DeployOctantModuleAndEnableOnSafe.s.sol
FN:21,DeployModuleAndEnableOnSafe.setUp
FNDA:0,DeployModuleAndEnableOnSafe.setUp
DA:22,0
DA:23,0
DA:24,0
DA:25,0
DA:26,0
DA:27,0
DA:28,0
DA:30,0
DA:32,0
DA:40,0
DA:42,0
FN:45,DeployModuleAndEnableOnSafe.run
FNDA:0,DeployModuleAndEnableOnSafe.run
DA:46,0
DA:48,0
DA:50,0
FNF:2
FNH:0
LF:14
LH:0
BRF:0
BRH:0
end_of_record
TN:
SF:script/DeployOctantModuleFactory.s.sol
FN:9,DeployOctantModuleFactory.setUp
FNDA:0,DeployOctantModuleFactory.setUp
FN:11,DeployOctantModuleFactory.run
FNDA:0,DeployOctantModuleFactory.run
DA:12,0
DA:14,0
DA:16,0
DA:18,0
DA:21,0
DA:22,0
FNF:2
FNH:0
LF:6
LH:0
BRF:0
BRH:0
end_of_record
TN:
SF:script/demo/AddTransactionToSafe.s.sol
FN:13,AddTransactionToSafe.setUp
FNDA:0,AddTransactionToSafe.setUp
DA:14,0
DA:15,0
DA:16,0
FN:19,AddTransactionToSafe.run
FNDA:0,AddTransactionToSafe.run
DA:20,0
DA:22,0
DA:24,0
DA:26,0
DA:28,0
DA:30,0
FNF:2
FNH:0
LF:9
LH:0
BRF:0
BRH:0
end_of_record
TN:
SF:script/demo/CreateSafeWithVaultModule.s.sol
FN:19,CreateSafeWithModule.setUp
FNDA:0,CreateSafeWithModule.setUp
DA:21,0
DA:22,0
DA:25,0
DA:26,0
DA:28,0
DA:29,0
DA:31,0
FN:34,CreateSafeWithModule.run
FNDA:0,CreateSafeWithModule.run
DA:35,0
DA:38,0
DA:39,0
DA:56,0
DA:58,0
DA:60,0
DA:63,0
FNF:2
FNH:0
LF:14
LH:0
BRF:0
BRH:0
end_of_record
TN:
SF:script/demo/DeployModuleAndEnableOnSafe.s.sol
FN:17,DeployModuleAndEnableOnSafe.setUp
FNDA:0,DeployModuleAndEnableOnSafe.setUp
DA:18,0
DA:19,0
DA:20,0
DA:21,0
FN:24,DeployModuleAndEnableOnSafe.run
FNDA:0,DeployModuleAndEnableOnSafe.run
DA:25,0
DA:27,0
DA:33,0
DA:35,0
DA:37,0
DA:39,0
DA:41,0
FNF:2
FNH:0
LF:11
LH:0
BRF:0
BRH:0
end_of_record
TN:
SF:script/demo/DeployModuleFactoryToken.s.sol
FN:10,DeployModuleFactoryTestToken.setUp
FNDA:0,DeployModuleFactoryTestToken.setUp
FN:12,DeployModuleFactoryTestToken.run
FNDA:0,DeployModuleFactoryTestToken.run
DA:13,0
DA:15,0
DA:17,0
DA:19,0
DA:21,0
DA:24,0
DA:25,0
DA:26,0
FNF:2
FNH:0
LF:8
LH:0
BRF:0
BRH:0
end_of_record
TN:
SF:script/deploy/DeployDragonRouter.sol
FN:23,DeployDragonRouter.deploy
FNDA:9,DeployDragonRouter.deploy
DA:25,0
DA:27,9
DA:30,9
DA:33,9
DA:34,9
DA:36,9
DA:48,0
DA:51,9
DA:54,9
DA:60,9
DA:62,9
FNF:1
FNH:1
LF:11
LH:9
BRF:0
BRH:0
end_of_record
TN:
SF:script/deploy/DeployDragonTokenizedStrategy.sol
FN:16,DeployDragonTokenizedStrategy.deploy
FNDA:9,DeployDragonTokenizedStrategy.deploy
DA:17,9
DA:18,9
DA:19,9
FNF:1
FNH:1
LF:3
LH:3
BRF:0
BRH:0
end_of_record
TN:
SF:script/deploy/DeployHatsProtocol.sol
FN:38,DeployHatsProtocol.deploy
FNDA:9,DeployHatsProtocol.deploy
DA:40,9
DA:41,9
DA:43,9
DA:48,9
DA:55,9
DA:58,9
DA:70,9
DA:81,9
DA:84,9
DA:95,9
DA:106,9
DA:109,9
DA:112,9
DA:113,9
DA:114,9
DA:115,9
DA:117,9
DA:118,9
DA:119,9
DA:121,9
FNF:1
FNH:1
LF:20
LH:20
BRF:0
BRH:0
end_of_record
TN:
SF:script/deploy/DeployMockStrategy.sol
FN:24,DeployMockStrategy.deploy
FNDA:9,DeployMockStrategy.deploy
DA:30,9
DA:31,9
DA:32,9
DA:35,0
DA:38,9
DA:41,9
DA:44,9
DA:46,9
DA:47,9
DA:62,9
DA:75,9
DA:81,9
DA:86,9
DA:88,9
FNF:1
FNH:1
LF:14
LH:13
BRF:0
BRH:0
end_of_record
TN:
SF:script/deploy/DeployModuleProxyFactory.sol
FN:18,DeployModuleProxyFactory.deploy
FNDA:9,DeployModuleProxyFactory.deploy
DA:21,9
FNF:1
FNH:1
LF:1
LH:1
BRF:0
BRH:0
end_of_record
TN:
SF:script/deploy/DeploySafe.sol
FN:47,DeploySafe.setUpSafeDeployParams
FNDA:9,DeploySafe.setUpSafeDeployParams
DA:54,9
BRDA:54,0,0,-
DA:55,0
DA:57,9
BRDA:57,1,0,-
DA:58,0
DA:61,9
DA:62,9
DA:63,9
DA:64,9
DA:67,9
DA:68,9
DA:69,45
BRDA:69,2,0,-
DA:70,0
DA:72,45
FN:79,DeploySafe.generateInitializerData
FNDA:9,DeploySafe.generateInitializerData
DA:80,9
FN:93,DeploySafe.deploy
FNDA:9,DeploySafe.deploy
DA:94,9
DA:95,0
BRDA:95,3,0,-
DA:97,0
DA:98,0
DA:99,0
DA:100,0
DA:101,0
DA:105,0
DA:106,0
DA:107,0
DA:108,0
DA:109,0
DA:113,0
DA:114,0
DA:115,0
DA:116,0
DA:120,0
DA:125,9
DA:128,9
DA:131,9
DA:132,9
DA:139,9
DA:141,9
FNF:3
FNH:3
LF:37
LH:18
BRF:4
BRH:0
end_of_record
TN:
SF:script/deploy/DeploySplitChecker.sol
FN:26,DeploySplitChecker.deploy
FNDA:9,DeploySplitChecker.deploy
DA:27,9
DA:29,9
DA:32,9
DA:35,9
DA:48,9
DA:50,9
FN:64,DeploySplitChecker._getConfiguredAddress
FNDA:9,DeploySplitChecker._getConfiguredAddress
DA:65,9
DA:66,0
DA:67,9
DA:68,9
FN:75,DeploySplitChecker._getConfiguredUint
FNDA:18,DeploySplitChecker._getConfiguredUint
DA:76,18
DA:77,0
DA:78,18
DA:79,18
FNF:3
FNH:3
LF:14
LH:12
BRF:0
BRH:0
end_of_record
TN:
SF:script/deploy/DeployTrader.sol
FN:42,DeployTrader.run
FNDA:0,DeployTrader.run
DA:43,0
DA:44,0
DA:45,0
DA:46,0
FN:49,DeployTrader.configureTrader
FNDA:13,DeployTrader.configureTrader
DA:50,13
DA:51,13
BRDA:51,0,0,12
DA:52,12
DA:55,13
DA:60,13
FN:63,DeployTrader._initOracleParams
FNDA:12,DeployTrader._initOracleParams
DA:64,12
FN:72,DeployTrader._createSwapperParams
FNDA:12,DeployTrader._createSwapperParams
DA:73,12
FN:84,DeployTrader.deploySwapper
FNDA:12,DeployTrader.deploySwapper
DA:85,12
DA:86,12
DA:87,12
DA:88,12
DA:89,12
BRDA:89,1,0,-
BRDA:89,1,1,-
DA:91,12
DA:92,12
DA:94,12
DA:96,12
DA:97,12
DA:107,12
DA:108,12
DA:115,12
DA:116,12
DA:119,12
DA:120,12
DA:123,12
DA:124,12
DA:125,12
FN:128,DeployTrader.uniEthWrapper
FNDA:26,DeployTrader.uniEthWrapper
DA:129,26
FN:133,DeployTrader.splitsEthWrapper
FNDA:36,DeployTrader.splitsEthWrapper
DA:134,36
FNF:7
FNH:6
LF:32
LH:28
BRF:3
BRH:1
end_of_record
TN:
SF:script/helpers/HelperConfig.s.sol
FN:39,HelperConfig.
FNDA:11,HelperConfig.
DA:40,21
BRDA:40,0,0,11
DA:42,11
DA:44,11
BRDA:44,1,0,-
BRDA:44,1,1,11
DA:45,10
DA:47,11
DA:49,21
DA:50,21
DA:51,21
DA:52,21
DA:53,11
DA:54,11
DA:55,21
DA:56,21
FN:59,HelperConfig.initSepoliaETHConfig
FNDA:0,HelperConfig.initSepoliaETHConfig
DA:60,0
DA:61,0
BRDA:61,2,0,-
BRDA:61,2,1,-
DA:63,0
DA:66,0
DA:69,0
DA:70,0
DA:72,0
FN:88,HelperConfig.initMainnetEthConfig
FNDA:11,HelperConfig.initMainnetEthConfig
DA:89,11
DA:90,11
BRDA:90,3,0,11
BRDA:90,3,1,-
DA:91,11
DA:93,0
DA:96,11
DA:97,11
DA:99,11
FN:113,HelperConfig.addPool
FNDA:22,HelperConfig.addPool
DA:114,22
DA:119,22
DA:120,22
FN:123,HelperConfig.poolCount
FNDA:0,HelperConfig.poolCount
DA:124,0
FN:127,HelperConfig.getPoolAddress
FNDA:12,HelperConfig.getPoolAddress
DA:128,12
DA:129,12
FN:132,HelperConfig.createAnvilEthConfig
FNDA:11,HelperConfig.createAnvilEthConfig
DA:133,11
BRDA:133,4,0,11
DA:134,11
DA:137,0
DA:139,0
DA:140,0
DA:142,0
DA:144,0
FNF:7
FNH:5
LF:40
LH:26
BRF:8
BRH:4
end_of_record
TN:
SF:script/helpers/UniswapLiquidityHelper.s.sol
FN:12,ExtraTickMath.divRound
FNDA:0,ExtraTickMath.divRound
DA:13,0
DA:14,0
DA:17,0
BRDA:17,0,0,-
DA:18,0
FN:22,ExtraTickMath.nearestUsableTick
FNDA:0,ExtraTickMath.nearestUsableTick
DA:23,0
DA:25,0
BRDA:25,1,0,-
BRDA:25,1,1,-
DA:26,0
DA:27,0
BRDA:27,2,0,-
DA:28,0
FN:54,UniswapLiquidityHelper.
FNDA:0,UniswapLiquidityHelper.
DA:55,0
DA:56,0
DA:57,0
DA:58,0
DA:59,0
DA:61,0
DA:62,0
DA:63,0
FN:66,UniswapLiquidityHelper.onERC721Received
FNDA:0,UniswapLiquidityHelper.onERC721Received
DA:72,0
DA:73,0
FN:82,UniswapLiquidityHelper.mintNewPosition
FNDA:0,UniswapLiquidityHelper.mintNewPosition
DA:86,0
DA:87,0
DA:90,0
DA:91,0
DA:93,0
DA:94,0
DA:95,0
DA:97,0
DA:112,0
DA:115,0
DA:118,0
BRDA:118,0,0,-
DA:119,0
DA:120,0
DA:121,0
DA:124,0
BRDA:124,1,0,-
DA:125,0
DA:126,0
DA:127,0
FN:136,UniswapLiquidityHelper.collectAllFees
FNDA:0,UniswapLiquidityHelper.collectAllFees
DA:143,0
DA:150,0
FN:157,UniswapLiquidityHelper.decreaseLiquidityInHalf
FNDA:0,UniswapLiquidityHelper.decreaseLiquidityInHalf
DA:159,0
BRDA:159,2,0,-
BRDA:159,2,1,-
DA:161,0
DA:162,0
DA:163,0
DA:165,0
FN:168,UniswapLiquidityHelper.removeLiquidity
FNDA:0,UniswapLiquidityHelper.removeLiquidity
DA:170,0
DA:171,0
DA:173,0
BRDA:173,3,0,-
BRDA:173,3,1,-
DA:175,0
DA:176,0
DA:178,0
FN:186,UniswapLiquidityHelper.increaseLiquidityCurrentRange
FNDA:0,UniswapLiquidityHelper.increaseLiquidityCurrentRange
DA:191,0
DA:192,0
DA:194,0
DA:204,0
DA:207,0
DA:210,0
BRDA:210,4,0,-
DA:211,0
DA:212,0
DA:213,0
DA:216,0
BRDA:216,5,0,-
DA:217,0
DA:218,0
DA:219,0
FN:223,UniswapLiquidityHelper.returnFunds
FNDA:0,UniswapLiquidityHelper.returnFunds
DA:224,0
BRDA:224,6,0,-
DA:225,0
DA:227,0
DA:228,0
FN:234,UniswapLiquidityHelper._decreaseLiquidity
FNDA:0,UniswapLiquidityHelper._decreaseLiquidity
DA:240,0
DA:249,0
FN:252,UniswapLiquidityHelper._createDeposit
FNDA:0,UniswapLiquidityHelper._createDeposit
DA:253,0
DA:257,0
FNF:12
FNH:0
LF:71
LH:0
BRF:13
BRH:0
end_of_record
TN:
SF:script/helpers/vendor/uniswap/libraries/PoolAddress.sol
FN:20,PoolAddress.getPoolKey
FNDA:0,PoolAddress.getPoolKey
DA:21,0
DA:22,0
FN:29,PoolAddress.computeAddress
FNDA:0,PoolAddress.computeAddress
DA:30,0
BRDA:30,1,0,-
BRDA:30,1,1,-
DA:31,0
FNF:2
FNH:0
LF:4
LH:0
BRF:2
BRH:0
end_of_record
TN:
SF:script/helpers/vendor/uniswap/libraries/TickMath.sol
FN:26,TickMath.getSqrtRatioAtTick
FNDA:0,TickMath.getSqrtRatioAtTick
DA:28,0
DA:29,0
DA:31,0
DA:32,0
DA:33,0
DA:34,0
DA:35,0
DA:36,0
DA:37,0
DA:38,0
DA:39,0
DA:40,0
DA:41,0
DA:42,0
DA:43,0
DA:44,0
DA:45,0
DA:46,0
DA:47,0
DA:48,0
DA:49,0
DA:50,0
DA:51,0
DA:53,0
DA:58,0
FN:67,TickMath.getTickAtSqrtRatio
FNDA:0,TickMath.getTickAtSqrtRatio
DA:70,0
DA:71,0
DA:73,0
DA:74,0
DA:77,0
DA:78,0
DA:79,0
DA:82,0
DA:83,0
DA:84,0
DA:87,0
DA:88,0
DA:89,0
DA:92,0
DA:93,0
DA:94,0
DA:97,0
DA:98,0
DA:99,0
DA:102,0
DA:103,0
DA:104,0
DA:107,0
DA:108,0
DA:109,0
DA:112,0
DA:113,0
DA:116,0
DA:119,0
DA:122,0
DA:123,0
DA:124,0
DA:125,0
DA:128,0
DA:129,0
DA:130,0
DA:131,0
DA:134,0
DA:135,0
DA:136,0
DA:137,0
DA:140,0
DA:141,0
DA:142,0
DA:143,0
DA:146,0
DA:147,0
DA:148,0
DA:149,0
DA:152,0
DA:153,0
DA:154,0
DA:155,0
DA:158,0
DA:159,0
DA:160,0
DA:161,0
DA:164,0
DA:165,0
DA:166,0
DA:167,0
DA:170,0
DA:171,0
DA:172,0
DA:173,0
DA:176,0
DA:177,0
DA:178,0
DA:179,0
DA:182,0
DA:183,0
DA:184,0
DA:185,0
DA:188,0
DA:189,0
DA:190,0
DA:191,0
DA:194,0
DA:195,0
DA:196,0
DA:197,0
DA:200,0
DA:201,0
DA:202,0
DA:205,0
DA:207,0
DA:208,0
DA:210,0
FNF:2
FNH:0
LF:113
LH:0
BRF:0
BRH:0
end_of_record
TN:
SF:script/helpers/vendor/uniswap/libraries/TransferHelper.sol
FN:13,TransferHelper.safeTransferFrom
FNDA:0,TransferHelper.safeTransferFrom
DA:14,0
DA:15,0
DA:16,0
BRDA:16,0,0,-
BRDA:16,0,1,-
FN:24,TransferHelper.safeTransfer
FNDA:0,TransferHelper.safeTransfer
DA:25,0
DA:26,0
BRDA:26,1,0,-
BRDA:26,1,1,-
FN:34,TransferHelper.safeApprove
FNDA:0,TransferHelper.safeApprove
DA:35,0
DA:36,0
BRDA:36,2,0,-
BRDA:36,2,1,-
FN:43,TransferHelper.safeTransferETH
FNDA:0,TransferHelper.safeTransferETH
DA:44,0
DA:45,0
BRDA:45,3,0,-
BRDA:45,3,1,-
FNF:4
FNH:0
LF:9
LH:0
BRF:8
BRH:0
end_of_record
TN:
SF:script/prod/02_DeployStrategyModuleWithSafe.s.sol
FN:34,DeployStrategyModuleWithSafe.setUp
FNDA:0,DeployStrategyModuleWithSafe.setUp
DA:36,0
DA:37,0
DA:40,0
DA:41,0
DA:43,0
DA:44,0
DA:45,0
DA:46,0
DA:47,0
FN:50,DeployStrategyModuleWithSafe.run
FNDA:0,DeployStrategyModuleWithSafe.run
DA:51,0
DA:54,0
DA:57,0
DA:58,0
DA:61,0
DA:64,0
DA:67,0
DA:68,0
DA:94,0
DA:96,0
DA:99,0
DA:100,0
DA:101,0
DA:102,0
DA:103,0
FNF:2
FNH:0
LF:24
LH:0
BRF:0
BRH:0
end_of_record
TN:
SF:script/prod/AttachModule.s.sol
FN:11,AttachModuleToSafe.setUp
FNDA:0,AttachModuleToSafe.setUp
DA:12,0
DA:13,0
DA:14,0
DA:15,0
DA:18,0
DA:19,0
DA:20,0
DA:21,0
FN:25,AttachModuleToSafe.run
FNDA:0,AttachModuleToSafe.run
DA:26,0
DA:27,0
DA:28,0
FNF:2
FNH:0
LF:11
LH:0
BRF:0
BRH:0
end_of_record
TN:
SF:script/prod/DeployDragonRouter.s.sol
FN:25,DeployDragonRouter.run
FNDA:0,DeployDragonRouter.run
DA:26,0
DA:27,0
DA:28,0
FN:31,DeployDragonRouter.deployDragonRouter
FNDA:0,DeployDragonRouter.deployDragonRouter
DA:32,0
DA:34,0
DA:35,0
BRDA:35,0,0,-
BRDA:35,0,1,-
DA:36,0
DA:37,0
DA:39,0
DA:41,0
DA:42,0
DA:45,0
DA:46,0
DA:47,0
BRDA:47,1,0,-
BRDA:47,1,1,-
DA:48,0
DA:49,0
DA:50,0
DA:51,0
DA:53,0
DA:54,0
DA:55,0
DA:56,0
DA:59,0
DA:60,0
BRDA:60,2,0,-
DA:61,0
DA:63,0
DA:64,0
DA:67,0
DA:69,0
DA:70,0
BRDA:70,3,0,-
DA:71,0
DA:73,0
DA:74,0
DA:78,0
DA:81,0
DA:84,0
DA:89,0
DA:90,0
DA:91,0
DA:98,0
DA:100,0
DA:101,0
DA:104,0
DA:105,0
DA:106,0
DA:107,0
DA:110,0
DA:111,0
DA:112,0
DA:113,0
DA:117,0
DA:130,0
DA:133,0
DA:140,0
DA:141,0
DA:143,0
FNF:2
FNH:0
LF:56
LH:0
BRF:6
BRH:0
end_of_record
TN:
SF:script/prod/DeployYearnPolygonUsdcStrategy.s.sol
FN:33,DeployYearnPolygonUsdcStrategy.run
FNDA:0,DeployYearnPolygonUsdcStrategy.run
DA:34,0
DA:36,0
DA:37,0
DA:38,0
BRDA:38,0,0,-
BRDA:38,0,1,-
DA:39,0
DA:41,0
DA:43,0
DA:44,0
DA:47,0
DA:48,0
DA:49,0
BRDA:49,1,0,-
BRDA:49,1,1,-
DA:50,0
DA:51,0
DA:53,0
DA:55,0
DA:56,0
DA:59,0
DA:61,0
DA:62,0
BRDA:62,2,0,-
DA:63,0
DA:64,0
DA:66,0
DA:67,0
DA:70,0
DA:72,0
DA:73,0
BRDA:73,3,0,-
BRDA:73,3,1,-
DA:74,0
DA:75,0
DA:77,0
DA:79,0
DA:80,0
DA:83,0
DA:85,0
DA:86,0
BRDA:86,4,0,-
BRDA:86,4,1,-
DA:87,0
DA:88,0
DA:90,0
DA:92,0
DA:93,0
DA:96,0
BRDA:96,5,0,-
DA:97,0
DA:100,0
DA:102,0
BRDA:102,6,0,-
DA:103,0
FN:107,DeployYearnPolygonUsdcStrategy._deployModuleForSafe
FNDA:0,DeployYearnPolygonUsdcStrategy._deployModuleForSafe
DA:108,0
DA:120,0
FN:126,DeployYearnPolygonUsdcStrategy._deploySafe
FNDA:0,DeployYearnPolygonUsdcStrategy._deploySafe
DA:128,0
DA:129,0
DA:132,0
DA:133,0
DA:135,0
DA:136,0
DA:137,0
DA:138,0
DA:141,0
DA:142,0
DA:143,0
DA:144,0
DA:148,0
DA:151,0
DA:169,0
DA:170,0
DA:171,0
FNF:3
FNH:0
LF:63
LH:0
BRF:11
BRH:0
end_of_record
TN:
SF:script/trader/01_DeployTrader.s.sol
FN:14,DeployTraderHelper.run
FNDA:0,DeployTraderHelper.run
DA:15,0
DA:16,0
DA:17,0
DA:18,0
DA:19,0
DA:20,0
DA:21,0
DA:22,0
DA:24,0
DA:25,0
DA:26,0
DA:27,0
DA:28,0
DA:30,0
DA:31,0
DA:32,0
DA:33,0
DA:35,0
DA:36,0
DA:37,0
DA:38,0
BRDA:38,0,0,-
BRDA:38,0,1,-
DA:39,0
DA:40,0
DA:42,0
DA:43,0
DA:44,0
DA:45,0
DA:48,0
DA:49,0
DA:50,0
DA:52,0
DA:53,0
DA:54,0
BRDA:54,1,0,-
DA:55,0
DA:57,0
DA:58,0
DA:60,0
DA:62,0
DA:63,0
DA:64,0
DA:66,0
DA:67,0
DA:68,0
FN:71,DeployTraderHelper.listPairsPrompt
FNDA:0,DeployTraderHelper.listPairsPrompt
DA:72,0
DA:73,0
DA:74,0
DA:76,0
FN:79,DeployTraderHelper.prompt
FNDA:0,DeployTraderHelper.prompt
DA:80,0
DA:81,0
DA:82,0
FN:85,DeployTraderHelper.preprompt1
FNDA:0,DeployTraderHelper.preprompt1
DA:86,0
DA:87,0
FN:90,DeployTraderHelper.preprompt2
FNDA:0,DeployTraderHelper.preprompt2
DA:91,0
DA:92,0
DA:93,0
FNF:5
FNH:0
LF:55
LH:0
BRF:3
BRH:0
end_of_record
TN:
SF:script/trader/02_ConfigureTrader.s.sol
FN:9,DeployTraderHelper.run
FNDA:0,DeployTraderHelper.run
DA:10,0
DA:12,0
DA:13,0
DA:14,0
DA:15,0
BRDA:15,0,0,-
BRDA:15,0,1,-
DA:16,0
DA:18,0
DA:20,0
DA:21,0
DA:23,0
FNF:1
FNH:0
LF:10
LH:0
BRF:2
BRH:0
end_of_record
TN:
SF:script/trader/03_TraderStatus.s.sol
FN:15,TraderStatus.run
FNDA:0,TraderStatus.run
DA:16,0
DA:18,0
DA:19,0
BRDA:19,0,0,-
BRDA:19,0,1,-
DA:20,0
DA:21,0
DA:23,0
DA:24,0
DA:25,0
DA:26,0
DA:27,0
DA:28,0
DA:29,0
DA:30,0
BRDA:30,1,0,-
BRDA:30,1,1,-
DA:31,0
DA:33,0
DA:34,0
DA:36,0
BRDA:36,2,0,-
BRDA:36,2,1,-
DA:37,0
DA:39,0
DA:42,0
DA:43,0
DA:45,0
DA:46,0
DA:48,0
DA:50,0
DA:53,0
DA:55,0
DA:56,0
FN:59,TraderStatus.getTicker
FNDA:0,TraderStatus.getTicker
DA:60,0
BRDA:60,3,0,-
BRDA:60,3,1,-
DA:61,0
DA:63,0
FN:67,TraderStatus.safeBalanceOf
FNDA:0,TraderStatus.safeBalanceOf
DA:68,0
BRDA:68,4,0,-
BRDA:68,4,1,-
DA:69,0
DA:71,0
FNF:3
FNH:0
LF:34
LH:0
BRF:10
BRH:0
end_of_record
TN:
SF:script/trader/04_TraderRun.s.sol
FN:20,TraderRun.max
FNDA:0,TraderRun.max
DA:21,0
DA:22,0
FN:25,TraderRun.run
FNDA:0,TraderRun.run
DA:26,0
DA:28,0
DA:29,0
DA:30,0
DA:31,0
DA:33,0
DA:34,0
DA:35,0
BRDA:35,1,0,-
BRDA:35,1,1,-
DA:37,0
BRDA:37,2,0,-
BRDA:37,2,1,-
DA:38,0
DA:39,0
DA:40,0
DA:42,0
FN:46,TraderRun.trade_loop
FNDA:0,TraderRun.trade_loop
DA:47,0
DA:48,0
DA:49,0
DA:50,0
BRDA:50,3,0,-
DA:51,0
BRDA:51,4,0,-
DA:52,0
BRDA:52,5,0,-
BRDA:52,5,1,-
DA:53,0
DA:54,0
DA:55,0
DA:56,0
DA:58,0
FN:65,TraderRun.safeBalanceOf
FNDA:0,TraderRun.safeBalanceOf
DA:66,0
BRDA:66,6,0,-
BRDA:66,6,1,-
DA:67,0
DA:69,0
FNF:4
FNH:0
LF:29
LH:0
BRF:10
BRH:0
end_of_record
TN:
SF:script/trader/UniswapLiquidityHelperDeployer.s.sol
FN:9,UniswapLiquidityHelperDeployer.run
FNDA:0,UniswapLiquidityHelperDeployer.run
DA:10,0
DA:12,0
DA:13,0
DA:14,0
DA:15,0
DA:16,0
DA:18,0
DA:20,0
DA:21,0
DA:23,0
DA:25,0
FNF:1
FNH:0
LF:11
LH:0
BRF:0
BRH:0
end_of_record
TN:
SF:src/dragons/DragonRouter.sol
FN:110,DragonRouter.setUp
FNDA:71,DragonRouter.setUp
DA:111,71
DA:112,71
DA:114,71
DA:122,71
DA:124,0
DA:125,0
DA:127,71
DA:128,71
DA:129,71
DA:131,71
DA:132,184
DA:133,184
DA:134,184
DA:137,71
DA:138,71
DA:139,71
DA:141,71
DA:142,71
DA:143,71
DA:144,71
FN:158,DragonRouter.addStrategy
FNDA:3,DragonRouter.addStrategy
DA:159,3
DA:160,3
DA:162,2
DA:163,2
DA:166,2
DA:167,2
DA:169,2
FN:178,DragonRouter.removeStrategy
FNDA:3,DragonRouter.removeStrategy
DA:179,3
DA:180,3
DA:182,2
DA:183,5
BRDA:183,2,0,1
DA:184,1
DA:185,1
DA:186,0
DA:190,2
DA:191,2
DA:192,2
DA:193,2
DA:194,2
DA:195,2
DA:198,2
DA:200,2
FN:208,DragonRouter.setMetapool
FNDA:1,DragonRouter.setMetapool
DA:209,1
FN:217,DragonRouter.setOpexVault
FNDA:1,DragonRouter.setOpexVault
DA:218,1
FN:226,DragonRouter.setSplitDelay
FNDA:1,DragonRouter.setSplitDelay
DA:227,1
FN:235,DragonRouter.setSplitChecker
FNDA:1,DragonRouter.setSplitChecker
DA:236,1
FN:245,DragonRouter.setTransformer
FNDA:0,DragonRouter.setTransformer
DA:246,0
DA:247,0
DA:249,0
FN:257,DragonRouter.setClaimAutomation
FNDA:2,DragonRouter.setClaimAutomation
DA:258,2
FN:266,DragonRouter.setCooldownPeriod
FNDA:2,DragonRouter.setCooldownPeriod
DA:267,1
FN:276,DragonRouter.balanceOf
FNDA:12,DragonRouter.balanceOf
DA:277,12
DA:279,12
FN:286,DragonRouter.fundFromSource
FNDA:2,DragonRouter.fundFromSource
DA:287,2
DA:289,2
DA:291,1
DA:293,1
DA:294,1
FN:302,DragonRouter.setSplit
FNDA:2,DragonRouter.setSplit
DA:303,2
DA:304,1
DA:306,1
DA:307,3
DA:310,3
DA:311,3
DA:312,3
DA:313,3
DA:314,3
DA:315,3
DA:319,3
DA:320,6
DA:323,3
DA:324,3
DA:325,3
DA:328,1
DA:329,1
FN:337,DragonRouter.claimSplit
FNDA:5,DragonRouter.claimSplit
DA:338,5
DA:339,3
DA:341,2
DA:343,2
DA:345,2
FN:360,DragonRouter._updateUserSplit
FNDA:3,DragonRouter._updateUserSplit
DA:361,3
DA:362,3
DA:363,3
FN:372,DragonRouter._claimableAssets
FNDA:18,DragonRouter._claimableAssets
DA:373,18
DA:374,18
DA:375,18
FN:384,DragonRouter._setCooldownPeriod
FNDA:1,DragonRouter._setCooldownPeriod
DA:385,1
DA:386,1
FN:394,DragonRouter._setSplitChecker
FNDA:72,DragonRouter._setSplitChecker
DA:395,72
DA:396,72
DA:397,72
FN:405,DragonRouter._setMetapool
FNDA:72,DragonRouter._setMetapool
DA:406,72
DA:407,72
DA:409,72
FN:416,DragonRouter._setSplitDelay
FNDA:1,DragonRouter._setSplitDelay
DA:417,1
DA:418,1
FN:426,DragonRouter._setOpexVault
FNDA:72,DragonRouter._setOpexVault
DA:427,72
DA:428,72
DA:430,72
FN:439,DragonRouter._transferSplit
FNDA:6,DragonRouter._transferSplit
DA:440,6
DA:441,6
DA:442,6
BRDA:442,11,0,2
BRDA:442,11,1,-
DA:443,2
DA:444,2
DA:447,1
BRDA:447,12,0,1
BRDA:447,12,1,-
DA:448,1
DA:449,1
DA:451,1
DA:454,4
BRDA:454,14,0,1
BRDA:454,14,1,-
DA:455,1
DA:456,1
DA:458,3
FNF:22
FNH:21
LF:112
LH:106
BRF:7
BRH:4
end_of_record
TN:
SF:src/dragons/ModuleProxyFactory.sol
FN:21,ModuleProxyFactory.createProxy
FNDA:141,ModuleProxyFactory.createProxy
DA:22,141
DA:23,141
DA:25,141
DA:32,0
DA:34,141
FN:37,ModuleProxyFactory.deployModule
FNDA:141,ModuleProxyFactory.deployModule
DA:42,141
DA:43,141
DA:44,141
DA:46,141
FN:49,ModuleProxyFactory.deployAndEnableModuleFromSafe
FNDA:132,ModuleProxyFactory.deployAndEnableModuleFromSafe
DA:54,132
DA:60,132
FNF:3
FNH:3
LF:11
LH:10
BRF:0
BRH:0
end_of_record
TN:
SF:src/dragons/SplitChecker.sol
FN:63,SplitChecker.onlyGovernance
FNDA:0,SplitChecker.onlyGovernance
DA:64,0
FN:76,SplitChecker.initialize
FNDA:39,SplitChecker.initialize
DA:77,39
DA:78,39
DA:79,39
DA:80,39
FN:89,SplitChecker.setMinMetapoolSplit
FNDA:0,SplitChecker.setMinMetapoolSplit
DA:90,0
DA:91,0
FN:96,SplitChecker.setMaxOpexSplit
FNDA:0,SplitChecker.setMaxOpexSplit
DA:97,0
DA:98,0
FN:110,SplitChecker.checkSplit
FNDA:1,SplitChecker.checkSplit
DA:111,1
DA:112,1
DA:113,1
DA:114,1
DA:115,2
BRDA:115,3,0,1
DA:116,1
BRDA:116,4,0,-
DA:117,0
DA:120,2
BRDA:120,5,0,1
DA:121,1
BRDA:121,6,0,-
DA:122,0
DA:124,1
DA:126,2
DA:128,1
DA:129,1
FN:139,SplitChecker._setMaxOpexSplit
FNDA:39,SplitChecker._setMaxOpexSplit
DA:140,39
DA:141,39
DA:142,39
FN:148,SplitChecker._setMinMetapoolSplit
FNDA:39,SplitChecker._setMinMetapoolSplit
DA:149,39
DA:150,39
DA:151,39
FNF:7
FNH:4
LF:29
LH:22
BRF:4
BRH:2
end_of_record
TN:
SF:src/dragons/guards/antiLoopHoleGuard.sol
FN:17,AntiLoopholeGuard.
FNDA:0,AntiLoopholeGuard.
DA:18,0
DA:19,0
FN:22,AntiLoopholeGuard.setUp
FNDA:0,AntiLoopholeGuard.setUp
DA:23,0
DA:24,0
DA:25,0
FN:29,AntiLoopholeGuard.checkTransaction
FNDA:0,AntiLoopholeGuard.checkTransaction
DA:42,0
BRDA:42,0,0,-
DA:43,0
DA:45,0
BRDA:45,1,0,-
DA:46,0
DA:48,0
BRDA:48,2,0,-
DA:49,0
BRDA:49,3,0,-
DA:50,0
DA:53,0
DA:54,0
BRDA:54,4,0,-
DA:56,0
FN:63,AntiLoopholeGuard.checkAfterExecution
FNDA:0,AntiLoopholeGuard.checkAfterExecution
FN:67,AntiLoopholeGuard.disableGuard
FNDA:0,AntiLoopholeGuard.disableGuard
DA:68,0
BRDA:68,5,0,-
BRDA:68,5,1,-
DA:70,0
FNF:5
FNH:0
LF:17
LH:0
BRF:7
BRH:0
end_of_record
TN:
SF:src/dragons/modules/OctantRewardsSafe.sol
FN:61,OctantRewardsSafe.onlyKeeper
FNDA:4,OctantRewardsSafe.onlyKeeper
DA:62,4
BRDA:62,0,0,-
BRDA:62,0,1,-
FN:69,OctantRewardsSafe.setUp
FNDA:8,OctantRewardsSafe.setUp
DA:70,8
DA:72,8
DA:75,8
DA:77,8
DA:78,8
DA:79,8
DA:80,8
DA:81,8
DA:82,8
DA:83,8
DA:84,8
FN:92,OctantRewardsSafe.harvest
FNDA:3,OctantRewardsSafe.harvest
DA:93,3
DA:94,3
BRDA:94,1,0,3
BRDA:94,1,1,3
DA:96,2
DA:97,2
DA:98,2
DA:99,2
DA:100,2
BRDA:100,2,0,-
BRDA:100,2,1,-
DA:101,1
DA:102,3
FN:112,OctantRewardsSafe.requestNewValidators
FNDA:2,OctantRewardsSafe.requestNewValidators
DA:113,2
BRDA:113,3,0,-
BRDA:113,3,1,-
DA:114,1
DA:115,2
FN:121,OctantRewardsSafe.requestExitValidators
FNDA:2,OctantRewardsSafe.requestExitValidators
DA:122,2
BRDA:122,4,0,-
BRDA:122,4,1,-
DA:123,1
DA:124,2
FN:129,OctantRewardsSafe.setTreasury
FNDA:2,OctantRewardsSafe.setTreasury
DA:130,2
BRDA:130,5,0,-
BRDA:130,5,1,-
DA:131,1
DA:132,2
FN:137,OctantRewardsSafe.setDragonRouter
FNDA:2,OctantRewardsSafe.setDragonRouter
DA:138,2
BRDA:138,6,0,-
BRDA:138,6,1,-
DA:139,1
DA:140,2
FN:145,OctantRewardsSafe.setMaxYield
FNDA:2,OctantRewardsSafe.setMaxYield
DA:146,2
BRDA:146,7,0,2
BRDA:146,7,1,1
DA:147,1
DA:148,2
FN:157,OctantRewardsSafe.confirmNewValidators
FNDA:2,OctantRewardsSafe.confirmNewValidators
DA:158,2
BRDA:158,8,0,-
BRDA:158,8,1,-
DA:159,1
DA:160,1
DA:161,1
FN:166,OctantRewardsSafe.confirmExitValidators
FNDA:3,OctantRewardsSafe.confirmExitValidators
DA:167,3
DA:168,3
BRDA:168,9,0,-
BRDA:168,9,1,-
DA:170,2
DA:171,2
DA:172,2
DA:173,2
BRDA:173,10,0,-
BRDA:173,10,1,-
DA:174,1
DA:175,3
FNF:10
FNH:10
LF:48
LH:48
BRF:22
BRH:4
end_of_record
TN:
SF:src/dragons/modules/YearnPolygonUsdcStrategy.sol
FN:15,YearnPolygonUsdcStrategy.setUp
FNDA:7,YearnPolygonUsdcStrategy.setUp
DA:18,7
DA:20,7
DA:22,7
DA:29,7
DA:31,7
DA:32,7
DA:33,7
DA:45,7
DA:46,7
DA:48,7
DA:49,7
DA:50,7
FN:53,YearnPolygonUsdcStrategy._deployFunds
FNDA:5,YearnPolygonUsdcStrategy._deployFunds
DA:54,5
DA:55,5
DA:56,5
BRDA:56,0,0,5
DA:57,5
FN:61,YearnPolygonUsdcStrategy.availableDepositLimit
FNDA:10,YearnPolygonUsdcStrategy.availableDepositLimit
DA:62,10
DA:63,10
DA:64,10
FN:67,YearnPolygonUsdcStrategy._freeFunds
FNDA:1,YearnPolygonUsdcStrategy._freeFunds
DA:68,1
FN:75,YearnPolygonUsdcStrategy._harvestAndReport
FNDA:1,YearnPolygonUsdcStrategy._harvestAndReport
DA:76,1
DA:77,1
DA:78,1
FN:81,YearnPolygonUsdcStrategy._tend
FNDA:1,YearnPolygonUsdcStrategy._tend
DA:82,1
DA:83,1
BRDA:83,1,0,1
DA:84,1
FN:88,YearnPolygonUsdcStrategy._emergencyWithdraw
FNDA:1,YearnPolygonUsdcStrategy._emergencyWithdraw
DA:89,1
FN:92,YearnPolygonUsdcStrategy._tendTrigger
FNDA:0,YearnPolygonUsdcStrategy._tendTrigger
DA:93,0
FNF:8
FNH:7
LF:28
LH:27
BRF:2
BRH:2
end_of_record
TN:
SF:src/dragons/vaults/BaseStrategy.sol
FN:71,BaseStrategy.onlySelf
FNDA:3865,BaseStrategy.onlySelf
DA:72,0
FN:79,BaseStrategy.onlyManagement
FNDA:4,BaseStrategy.onlyManagement
DA:80,4
FN:88,BaseStrategy.onlyKeepers
FNDA:0,BaseStrategy.onlyKeepers
DA:89,0
FN:97,BaseStrategy.onlyEmergencyAuthorized
FNDA:0,BaseStrategy.onlyEmergencyAuthorized
DA:98,0
FN:105,BaseStrategy._onlySelf
FNDA:16541,BaseStrategy._onlySelf
DA:106,16541
FN:198,BaseStrategy._tend
FNDA:0,BaseStrategy._tend
FN:206,BaseStrategy._tendTrigger
FNDA:0,BaseStrategy._tendTrigger
DA:207,0
FN:216,BaseStrategy.tendTrigger
FNDA:1,BaseStrategy.tendTrigger
DA:217,1
FN:246,BaseStrategy.availableDepositLimit
FNDA:18143,BaseStrategy.availableDepositLimit
DA:247,18143
FN:268,BaseStrategy.availableWithdrawLimit
FNDA:4615,BaseStrategy.availableWithdrawLimit
DA:269,4615
FN:293,BaseStrategy._emergencyWithdraw
FNDA:0,BaseStrategy._emergencyWithdraw
FN:313,BaseStrategy.deployFunds
FNDA:8812,BaseStrategy.deployFunds
DA:314,8812
FN:327,BaseStrategy.freeFunds
FNDA:3351,BaseStrategy.freeFunds
DA:328,3351
FN:343,BaseStrategy.harvestAndReport
FNDA:1801,BaseStrategy.harvestAndReport
DA:344,1801
FN:360,BaseStrategy.tendThis
FNDA:774,BaseStrategy.tendThis
DA:361,774
FN:376,BaseStrategy.shutdownWithdraw
FNDA:4,BaseStrategy.shutdownWithdraw
DA:377,4
FNF:16
FNH:11
LF:14
LH:10
BRF:0
BRH:0
end_of_record
TN:
SF:src/dragons/vaults/DragonBaseStrategy.sol
FN:54,DragonBaseStrategy.__BaseStrategy_init
FNDA:133,DragonBaseStrategy.__BaseStrategy_init
DA:65,133
DA:66,133
DA:67,133
DA:70,133
DA:73,133
DA:84,0
FN:96,DragonBaseStrategy.liquidatePosition
FNDA:0,DragonBaseStrategy.liquidatePosition
FN:106,DragonBaseStrategy.adjustPosition
FNDA:0,DragonBaseStrategy.adjustPosition
FN:116,DragonBaseStrategy.harvestTrigger
FNDA:6,DragonBaseStrategy.harvestTrigger
DA:119,6
FN:129,DragonBaseStrategy._tendTrigger
FNDA:0,DragonBaseStrategy._tendTrigger
DA:130,0
FN:144,DragonBaseStrategy._delegateCall
FNDA:133,DragonBaseStrategy._delegateCall
DA:146,133
DA:149,133
BRDA:149,1,0,-
DA:151,0
DA:152,0
DA:153,0
DA:154,0
DA:159,0
FN:175,DragonBaseStrategy.
FNDA:86647,DragonBaseStrategy.
DA:177,0
BRDA:177,2,0,-
DA:178,0
DA:182,86647
DA:186,0
DA:188,0
DA:190,0
DA:193,0
DA:194,0
DA:196,0
DA:197,0
FNF:7
FNH:4
LF:25
LH:9
BRF:2
BRH:0
end_of_record
TN:
SF:src/dragons/vaults/DragonTokenizedStrategy.sol
FN:14,DragonTokenizedStrategy.toggleDragonMode
FNDA:2313,DragonTokenizedStrategy.toggleDragonMode
DA:15,2313
DA:16,2313
DA:17,2313
FN:20,DragonTokenizedStrategy.onlyOperatorIfDragonMode
FNDA:8771,DragonTokenizedStrategy.onlyOperatorIfDragonMode
DA:21,8771
FN:25,DragonTokenizedStrategy.validateArgsForLockupFunctions
FNDA:780,DragonTokenizedStrategy.validateArgsForLockupFunctions
DA:26,780
DA:27,778
FN:31,DragonTokenizedStrategy.initialize
FNDA:390,DragonTokenizedStrategy.initialize
DA:40,390
FN:43,DragonTokenizedStrategy.setLockupDuration
FNDA:515,DragonTokenizedStrategy.setLockupDuration
DA:44,515
BRDA:44,4,0,514
DA:45,514
DA:47,1
FN:50,DragonTokenizedStrategy.setRageQuitCooldownPeriod
FNDA:515,DragonTokenizedStrategy.setRageQuitCooldownPeriod
DA:52,515
DA:53,258
DA:55,1
FN:58,DragonTokenizedStrategy.minimumLockupDuration
FNDA:1,DragonTokenizedStrategy.minimumLockupDuration
DA:59,1
FN:62,DragonTokenizedStrategy.rageQuitCooldownPeriod
FNDA:1,DragonTokenizedStrategy.rageQuitCooldownPeriod
DA:63,1
FN:66,DragonTokenizedStrategy.regenGovernance
FNDA:0,DragonTokenizedStrategy.regenGovernance
DA:67,0
FN:76,DragonTokenizedStrategy._setOrExtendLockup
FNDA:8555,DragonTokenizedStrategy._setOrExtendLockup
DA:82,8555
DA:83,8555
DA:86,8555
BRDA:86,6,0,1052
BRDA:86,6,1,2
DA:87,8545
DA:89,1068
BRDA:89,8,0,16
DA:90,16
DA:92,1052
DA:93,1052
DA:95,1052
DA:98,10
DA:100,10
BRDA:100,9,0,6
DA:102,6
DA:104,6
BRDA:104,10,0,2
DA:105,2
DA:108,4
DA:112,1052
DA:113,1052
FN:121,DragonTokenizedStrategy._userUnlockedShares
FNDA:5628,DragonTokenizedStrategy._userUnlockedShares
DA:122,5628
DA:123,5628
DA:125,5628
BRDA:125,11,0,4344
BRDA:125,11,1,1007
DA:126,4344
DA:127,1284
BRDA:127,12,0,277
BRDA:127,12,1,1007
DA:129,277
DA:130,277
DA:131,277
DA:133,1007
FN:142,DragonTokenizedStrategy.unlockedShares
FNDA:3,DragonTokenizedStrategy.unlockedShares
DA:143,3
DA:144,3
FN:152,DragonTokenizedStrategy.getUnlockTime
FNDA:12,DragonTokenizedStrategy.getUnlockTime
DA:153,12
FN:161,DragonTokenizedStrategy.getRemainingCooldown
FNDA:8,DragonTokenizedStrategy.getRemainingCooldown
DA:162,8
DA:163,8
BRDA:163,13,0,3
DA:164,3
DA:166,5
FN:178,DragonTokenizedStrategy.getUserLockupInfo
FNDA:1012,DragonTokenizedStrategy.getUserLockupInfo
DA:191,1012
DA:192,1012
DA:194,1012
FN:207,DragonTokenizedStrategy.initiateRageQuit
FNDA:285,DragonTokenizedStrategy.initiateRageQuit
DA:208,285
DA:209,285
DA:211,285
DA:212,282
DA:216,271
DA:217,271
DA:218,271
DA:219,271
DA:221,271
FN:225,DragonTokenizedStrategy._maxWithdraw
FNDA:1785,DragonTokenizedStrategy._maxWithdraw
DA:231,1785
DA:232,1785
FN:236,DragonTokenizedStrategy._maxRedeem
FNDA:2828,DragonTokenizedStrategy._maxRedeem
DA:238,2828
DA:239,2828
FN:254,DragonTokenizedStrategy.maxWithdraw
FNDA:494,DragonTokenizedStrategy.maxWithdraw
DA:255,494
FN:263,DragonTokenizedStrategy.maxWithdraw
FNDA:2,DragonTokenizedStrategy.maxWithdraw
DA:264,2
FN:277,DragonTokenizedStrategy.withdraw
FNDA:1536,DragonTokenizedStrategy.withdraw
DA:284,1536
DA:285,1536
DA:286,1536
BRDA:286,17,0,247
DA:287,247
DA:289,1289
DA:292,1284
BRDA:292,19,0,1
DA:293,1
DA:295,4
BRDA:295,20,0,4
DA:296,4
DA:297,4
DA:300,1283
FN:313,DragonTokenizedStrategy.redeem
FNDA:2320,DragonTokenizedStrategy.redeem
DA:320,2320
DA:321,2320
DA:323,2320
DA:324,2317
BRDA:324,22,0,1
DA:325,1
DA:327,1
BRDA:327,23,0,1
DA:328,1
DA:329,1
DA:332,2316
DA:334,2316
BRDA:334,24,0,1
DA:335,1
DA:339,2315
FN:350,DragonTokenizedStrategy.deposit
FNDA:8255,DragonTokenizedStrategy.deposit
DA:354,8255
FN:366,DragonTokenizedStrategy.depositWithLockup
FNDA:1330,DragonTokenizedStrategy.depositWithLockup
DA:377,1330
FN:380,DragonTokenizedStrategy._deposit
FNDA:10362,DragonTokenizedStrategy._deposit
DA:381,10362
DA:382,10362
DA:384,10359
BRDA:384,27,0,1028
DA:385,1028
DA:388,9331
BRDA:388,28,0,258
DA:389,258
DA:392,9331
BRDA:392,29,0,257
DA:393,257
DA:396,9074
DA:397,9074
FN:400,DragonTokenizedStrategy._processDeposit
FNDA:9074,DragonTokenizedStrategy._processDeposit
DA:402,9071
DA:403,9071
DA:405,9071
FN:415,DragonTokenizedStrategy.mint
FNDA:771,DragonTokenizedStrategy.mint
DA:419,771
FN:422,DragonTokenizedStrategy.mintWithLockup
FNDA:264,DragonTokenizedStrategy.mintWithLockup
DA:433,264
FN:436,DragonTokenizedStrategy._mint
FNDA:1035,DragonTokenizedStrategy._mint
DA:437,1035
DA:438,1035
BRDA:438,33,0,258
DA:439,258
DA:442,777
DA:443,0
FN:450,DragonTokenizedStrategy._handleDragonLossProtection
FNDA:515,DragonTokenizedStrategy._handleDragonLossProtection
DA:452,515
DA:454,515
BRDA:454,34,0,-
DA:456,0
FN:478,DragonTokenizedStrategy.report
FNDA:1544,DragonTokenizedStrategy.report
DA:480,1544
DA:482,1544
DA:483,1544
DA:484,1544
DA:486,1544
BRDA:486,35,0,1029
BRDA:486,35,1,515
DA:488,1029
DA:490,1029
DA:493,515
DA:496,515
BRDA:496,36,0,515
DA:498,515
DA:503,1029
DA:504,1029
DA:506,1544
FN:525,DragonTokenizedStrategy.transfer
FNDA:771,DragonTokenizedStrategy.transfer
DA:526,771
FN:553,DragonTokenizedStrategy.transferFrom
FNDA:1542,DragonTokenizedStrategy.transferFrom
DA:554,1542
FN:557,DragonTokenizedStrategy.approve
FNDA:1028,DragonTokenizedStrategy.approve
DA:558,1028
FN:561,DragonTokenizedStrategy.permit
FNDA:3092,DragonTokenizedStrategy.permit
DA:562,3092
FNF:35
FNH:34
LF:132
LH:129
BRF:25
BRH:24
end_of_record
TN:
SF:src/dragons/vaults/TokenizedStrategy.sol
FN:156,TokenizedStrategy.onlyOperator
FNDA:2570,TokenizedStrategy.onlyOperator
DA:157,2570
FN:164,TokenizedStrategy.onlyManagement
FNDA:97,TokenizedStrategy.onlyManagement
DA:165,97
FN:173,TokenizedStrategy.onlyKeepers
FNDA:1544,TokenizedStrategy.onlyKeepers
DA:174,1544
FN:182,TokenizedStrategy.onlyEmergencyAuthorized
FNDA:264,TokenizedStrategy.onlyEmergencyAuthorized
DA:183,264
FN:191,TokenizedStrategy.onlyRegenGovernance
FNDA:772,TokenizedStrategy.onlyRegenGovernance
DA:192,772
FN:200,TokenizedStrategy.nonReentrant
FNDA:1544,TokenizedStrategy.nonReentrant
DA:201,1544
DA:203,1544
DA:206,1544
DA:211,1544
FN:223,TokenizedStrategy.requireManagement
FNDA:1910,TokenizedStrategy.requireManagement
DA:224,1910
DA:225,1910
BRDA:225,2,0,774
DA:226,774
FN:240,TokenizedStrategy.requireKeeperOrManagement
FNDA:2321,TokenizedStrategy.requireKeeperOrManagement
DA:241,2321
DA:243,2321
DA:244,261
DA:245,261
DA:246,260
FN:260,TokenizedStrategy.requireEmergencyAuthorized
FNDA:786,TokenizedStrategy.requireEmergencyAuthorized
DA:261,786
DA:263,786
DA:264,786
DA:265,519
DA:266,516
FN:279,TokenizedStrategy.requireRegenGovernance
FNDA:1544,TokenizedStrategy.requireRegenGovernance
DA:280,1544
DA:281,1544
BRDA:281,5,0,514
DA:282,514
FN:336,TokenizedStrategy._strategyStorage
FNDA:111259,TokenizedStrategy._strategyStorage
DA:339,111259
DA:341,0
FN:348,TokenizedStrategy.__TokenizedStrategy_init
FNDA:390,TokenizedStrategy.__TokenizedStrategy_init
DA:358,390
DA:361,390
DA:364,133
DA:366,133
DA:367,133
DA:370,133
DA:372,133
DA:374,133
DA:377,133
DA:378,133
DA:380,133
DA:382,133
DA:383,133
DA:384,133
DA:387,133
FN:401,TokenizedStrategy.deposit
FNDA:0,TokenizedStrategy.deposit
FN:413,TokenizedStrategy.mint
FNDA:0,TokenizedStrategy.mint
FN:427,TokenizedStrategy.withdraw
FNDA:1022,TokenizedStrategy.withdraw
DA:428,1022
FN:441,TokenizedStrategy.withdraw
FNDA:0,TokenizedStrategy.withdraw
FN:457,TokenizedStrategy.redeem
FNDA:1542,TokenizedStrategy.redeem
DA:459,1542
FN:472,TokenizedStrategy.redeem
FNDA:0,TokenizedStrategy.redeem
FN:491,TokenizedStrategy.totalAssets
FNDA:5660,TokenizedStrategy.totalAssets
DA:492,5660
FN:506,TokenizedStrategy.totalSupply
FNDA:6172,TokenizedStrategy.totalSupply
DA:507,6172
FN:518,TokenizedStrategy.convertToShares
FNDA:1542,TokenizedStrategy.convertToShares
DA:519,1542
FN:530,TokenizedStrategy.convertToAssets
FNDA:514,TokenizedStrategy.convertToAssets
DA:531,514
FN:543,TokenizedStrategy.previewDeposit
FNDA:0,TokenizedStrategy.previewDeposit
DA:544,0
FN:557,TokenizedStrategy.previewMint
FNDA:0,TokenizedStrategy.previewMint
DA:558,0
FN:571,TokenizedStrategy.previewWithdraw
FNDA:0,TokenizedStrategy.previewWithdraw
DA:572,0
FN:584,TokenizedStrategy.previewRedeem
FNDA:0,TokenizedStrategy.previewRedeem
DA:585,0
FN:596,TokenizedStrategy.maxDeposit
FNDA:0,TokenizedStrategy.maxDeposit
DA:597,0
FN:607,TokenizedStrategy.maxMint
FNDA:0,TokenizedStrategy.maxMint
DA:608,0
FN:619,TokenizedStrategy.maxWithdraw
FNDA:0,TokenizedStrategy.maxWithdraw
FN:626,TokenizedStrategy.maxWithdraw
FNDA:0,TokenizedStrategy.maxWithdraw
FN:636,TokenizedStrategy.maxRedeem
FNDA:505,TokenizedStrategy.maxRedeem
DA:637,505
FN:645,TokenizedStrategy.maxRedeem
FNDA:3,TokenizedStrategy.maxRedeem
DA:646,3
FN:654,TokenizedStrategy._totalAssets
FNDA:27001,TokenizedStrategy._totalAssets
DA:655,27001
FN:659,TokenizedStrategy._totalSupply
FNDA:36323,TokenizedStrategy._totalSupply
DA:660,36323
FN:664,TokenizedStrategy._convertToShares
FNDA:16534,TokenizedStrategy._convertToShares
DA:670,16534
DA:672,16534
DA:674,8499
DA:676,8499
DA:678,7728
FN:682,TokenizedStrategy._convertToAssets
FNDA:13617,TokenizedStrategy._convertToAssets
DA:688,13617
DA:690,13617
FN:694,TokenizedStrategy._maxDeposit
FNDA:9071,TokenizedStrategy._maxDeposit
DA:696,9071
DA:698,9071
FN:702,TokenizedStrategy._maxMint
FNDA:9071,TokenizedStrategy._maxMint
DA:704,9071
DA:706,9071
DA:707,9071
BRDA:707,12,0,5
DA:708,5
FN:713,TokenizedStrategy._maxWithdraw
FNDA:0,TokenizedStrategy._maxWithdraw
DA:715,0
DA:718,0
BRDA:718,13,0,-
BRDA:718,13,1,-
DA:720,0
DA:722,0
FN:727,TokenizedStrategy._maxRedeem
FNDA:0,TokenizedStrategy._maxRedeem
FN:743,TokenizedStrategy._deposit
FNDA:9071,TokenizedStrategy._deposit
DA:745,9071
DA:746,9071
DA:747,9071
DA:749,9071
BRDA:749,15,0,6494
BRDA:749,15,1,-
DA:750,7015
BRDA:750,16,0,521
BRDA:750,16,1,-
DA:751,521
BRDA:751,17,0,521
BRDA:751,17,1,-
DA:756,6494
BRDA:756,18,0,6494
BRDA:756,18,1,-
DA:767,2056
BRDA:767,19,0,2056
BRDA:767,19,1,-
DA:768,2056
BRDA:768,20,0,-
BRDA:768,20,1,-
DA:770,0
BRDA:770,21,0,-
BRDA:770,21,1,-
DA:775,521
DA:780,8555
DA:783,8555
DA:785,8555
FN:798,TokenizedStrategy._withdraw
FNDA:3598,TokenizedStrategy._withdraw
DA:806,3598
DA:807,3598
DA:810,3598
BRDA:810,24,0,-
DA:811,0
DA:815,3598
DA:817,3598
DA:818,3598
DA:820,3598
BRDA:820,25,0,3094
DA:823,3094
DA:827,3094
DA:830,3094
BRDA:830,26,0,1542
DA:832,1542
DA:835,1542
BRDA:835,27,0,1281
DA:837,1281
DA:840,771
DA:845,2827
DA:847,2827
DA:849,2827
BRDA:849,29,0,501
BRDA:849,29,1,-
DA:850,501
DA:851,501
DA:854,2326
DA:857,2827
DA:860,0
FN:867,TokenizedStrategy.report
FNDA:0,TokenizedStrategy.report
FN:892,TokenizedStrategy.tend
FNDA:517,TokenizedStrategy.tend
DA:893,517
DA:894,517
DA:896,517
FN:915,TokenizedStrategy.shutdownStrategy
FNDA:265,TokenizedStrategy.shutdownStrategy
DA:916,265
DA:918,265
FN:934,TokenizedStrategy.emergencyWithdraw
FNDA:5,TokenizedStrategy.emergencyWithdraw
DA:936,5
DA:939,4
FN:950,TokenizedStrategy.asset
FNDA:5654,TokenizedStrategy.asset
DA:951,5654
FN:958,TokenizedStrategy.apiVersion
FNDA:1,TokenizedStrategy.apiVersion
DA:959,1
FN:966,TokenizedStrategy.management
FNDA:1802,TokenizedStrategy.management
DA:967,1802
FN:974,TokenizedStrategy.pendingManagement
FNDA:1028,TokenizedStrategy.pendingManagement
DA:975,1028
FN:978,TokenizedStrategy.operator
FNDA:2,TokenizedStrategy.operator
DA:979,2
FN:982,TokenizedStrategy.dragonRouter
FNDA:3,TokenizedStrategy.dragonRouter
DA:983,3
FN:990,TokenizedStrategy.keeper
FNDA:1288,TokenizedStrategy.keeper
DA:991,1288
FN:998,TokenizedStrategy.emergencyAdmin
FNDA:0,TokenizedStrategy.emergencyAdmin
DA:999,0
FN:1006,TokenizedStrategy.lastReport
FNDA:4,TokenizedStrategy.lastReport
DA:1007,4
FN:1017,TokenizedStrategy.pricePerShare
FNDA:7967,TokenizedStrategy.pricePerShare
DA:1018,7967
DA:1019,7967
FN:1026,TokenizedStrategy.isShutdown
FNDA:1031,TokenizedStrategy.isShutdown
DA:1027,1031
FN:1044,TokenizedStrategy.setPendingManagement
FNDA:514,TokenizedStrategy.setPendingManagement
DA:1045,514
DA:1046,514
DA:1048,514
FN:1055,TokenizedStrategy.acceptManagement
FNDA:514,TokenizedStrategy.acceptManagement
DA:1056,514
DA:1057,514
DA:1058,257
DA:1059,257
DA:1061,257
FN:1070,TokenizedStrategy.setKeeper
FNDA:257,TokenizedStrategy.setKeeper
DA:1071,257
DA:1073,257
FN:1082,TokenizedStrategy.setEmergencyAdmin
FNDA:97,TokenizedStrategy.setEmergencyAdmin
DA:1083,97
DA:1085,97
FN:1092,TokenizedStrategy.setName
FNDA:257,TokenizedStrategy.setName
DA:1093,257
FN:1104,TokenizedStrategy.name
FNDA:259,TokenizedStrategy.name
DA:1105,259
FN:1113,TokenizedStrategy.symbol
FNDA:1,TokenizedStrategy.symbol
DA:1114,1
FN:1121,TokenizedStrategy.decimals
FNDA:1,TokenizedStrategy.decimals
DA:1122,1
FN:1132,TokenizedStrategy.balanceOf
FNDA:6681,TokenizedStrategy.balanceOf
DA:1133,6681
FN:1137,TokenizedStrategy._balanceOf
FNDA:32791,TokenizedStrategy._balanceOf
DA:1138,32791
FN:1154,TokenizedStrategy.transfer
FNDA:0,TokenizedStrategy.transfer
FN:1166,TokenizedStrategy.allowance
FNDA:3858,TokenizedStrategy.allowance
DA:1167,3858
FN:1171,TokenizedStrategy._allowance
FNDA:3858,TokenizedStrategy._allowance
DA:1172,3858
FN:1199,TokenizedStrategy.approve
FNDA:0,TokenizedStrategy.approve
DA:1200,0
DA:1201,0
FN:1231,TokenizedStrategy.transferFrom
FNDA:0,TokenizedStrategy.transferFrom
FN:1244,TokenizedStrategy._mint
FNDA:9584,TokenizedStrategy._mint
DA:1245,9584
DA:1247,9584
DA:1249,9584
DA:1251,9584
FN:1265,TokenizedStrategy._burn
FNDA:2827,TokenizedStrategy._burn
DA:1266,2827
DA:1268,2827
DA:1270,2827
DA:1272,2827
FN:1288,TokenizedStrategy._approve
FNDA:0,TokenizedStrategy._approve
DA:1289,0
DA:1290,0
DA:1292,0
DA:1293,0
FN:1304,TokenizedStrategy._spendAllowance
FNDA:0,TokenizedStrategy._spendAllowance
DA:1305,0
DA:1306,0
BRDA:1306,38,0,-
DA:1307,0
DA:1309,0
FN:1328,TokenizedStrategy.nonces
FNDA:5657,TokenizedStrategy.nonces
DA:1329,5657
FN:1353,TokenizedStrategy.permit
FNDA:0,TokenizedStrategy.permit
DA:1362,0
DA:1367,0
DA:1391,0
DA:1393,0
FN:1403,TokenizedStrategy.DOMAIN_SEPARATOR
FNDA:2837,TokenizedStrategy.DOMAIN_SEPARATOR
DA:1404,2837
DA:1405,2837
FN:1420,TokenizedStrategy.
FNDA:0,TokenizedStrategy.
DA:1421,0
FN:1424,TokenizedStrategy._onlySelf
FNDA:0,TokenizedStrategy._onlySelf
DA:1425,0
FN:1437,TokenizedStrategy.setupHatsProtocol
FNDA:8,TokenizedStrategy.setupHatsProtocol
DA:1444,8
DA:1446,7
DA:1448,7
DA:1449,7
DA:1450,7
DA:1451,7
DA:1452,7
DA:1453,7
DA:1455,7
FN:1465,TokenizedStrategy._isHatsWearer
FNDA:2845,TokenizedStrategy._isHatsWearer
DA:1466,2845
DA:1467,14
DA:1468,14
DA:1469,0
DA:1470,0
FNF:83
FNH:59
LF:192
LH:159
BRF:26
BRH:12
end_of_record
TN:
SF:src/hats/AbstractHatsManager.sol
FN:36,AbstractHatsManager.
FNDA:0,AbstractHatsManager.
DA:37,0
BRDA:37,0,0,-
BRDA:37,0,1,-
DA:38,0
DA:40,0
BRDA:40,1,0,-
BRDA:40,1,1,-
DA:41,0
DA:42,0
FN:53,AbstractHatsManager.createRole
FNDA:36,AbstractHatsManager.createRole
DA:59,36
BRDA:59,2,0,36
BRDA:59,2,1,-
DA:60,36
BRDA:60,3,0,-
BRDA:60,3,1,-
DA:61,36
BRDA:61,4,0,-
BRDA:61,4,1,-
DA:64,36
DA:74,36
DA:75,36
DA:78,36
DA:79,0
DA:80,0
BRDA:80,5,0,-
BRDA:80,5,1,-
DA:86,0
DA:87,0
DA:90,36
FN:99,AbstractHatsManager.grantRole
FNDA:64,AbstractHatsManager.grantRole
DA:100,64
BRDA:100,6,0,64
BRDA:100,6,1,-
DA:101,64
BRDA:101,7,0,-
BRDA:101,7,1,-
DA:103,64
DA:104,64
BRDA:104,8,0,-
BRDA:104,8,1,-
DA:107,64
DA:108,64
FN:116,AbstractHatsManager.revokeRole
FNDA:2,AbstractHatsManager.revokeRole
DA:117,2
BRDA:117,9,0,2
BRDA:117,9,1,-
DA:119,2
DA:120,2
BRDA:120,10,0,-
BRDA:120,10,1,-
DA:121,2
BRDA:121,11,0,2
BRDA:121,11,1,-
DA:124,2
DA:125,2
FN:142,AbstractHatsManager.getHatStatus
FNDA:116,AbstractHatsManager.getHatStatus
DA:143,116
BRDA:143,12,0,116
BRDA:143,12,1,116
DA:144,116
FN:150,AbstractHatsManager.toggleBranch
FNDA:0,AbstractHatsManager.toggleBranch
DA:151,0
BRDA:151,13,0,-
BRDA:151,13,1,-
DA:152,0
FNF:6
FNH:4
LF:33
LH:22
BRF:28
BRH:6
end_of_record
TN:
SF:src/hats/DragonHatter.sol
FN:32,DragonHatter.
FNDA:0,DragonHatter.
FN:38,DragonHatter.initialize
FNDA:9,DragonHatter.initialize
DA:43,9
BRDA:43,1,0,9
BRDA:43,1,1,-
DA:46,9
DA:52,9
DA:55,9
DA:61,9
DA:64,9
DA:70,9
DA:73,9
DA:79,9
DA:81,9
DA:82,9
FN:92,DragonHatter.getWearerStatus
FNDA:116,DragonHatter.getWearerStatus
DA:96,116
DA:97,116
BRDA:97,2,0,-
BRDA:97,2,1,-
DA:100,116
BRDA:100,3,0,116
BRDA:100,3,1,-
DA:103,0
DA:106,116
BRDA:106,4,0,29
BRDA:106,4,1,-
DA:107,29
DA:108,87
BRDA:108,5,0,31
BRDA:108,5,1,-
DA:109,31
DA:110,56
BRDA:110,6,0,31
BRDA:110,6,1,-
DA:111,31
DA:112,25
BRDA:112,7,0,25
BRDA:112,7,1,-
DA:113,25
DA:115,0
FN:123,DragonHatter._isEligibleKeeper
FNDA:29,DragonHatter._isEligibleKeeper
DA:124,29
FN:127,DragonHatter._isEligibleManager
FNDA:31,DragonHatter._isEligibleManager
DA:128,31
FN:131,DragonHatter._isEligibleEmergencyResponder
FNDA:31,DragonHatter._isEligibleEmergencyResponder
DA:132,31
FN:135,DragonHatter._isEligibleRegenGovernance
FNDA:25,DragonHatter._isEligibleRegenGovernance
DA:136,25
FN:144,DragonHatter.getRoleHat
FNDA:64,DragonHatter.getRoleHat
DA:145,64
FN:154,DragonHatter.hasRole
FNDA:0,DragonHatter.hasRole
DA:155,0
DA:156,0
FNF:9
FNH:7
LF:31
LH:27
BRF:14
BRH:6
end_of_record
TN:
SF:src/hats/SimpleEligibilityAndToggle.sol
FN:18,SimpleEligibilityAndToggle.getWearerStatus
FNDA:408,SimpleEligibilityAndToggle.getWearerStatus
DA:22,408
FN:29,SimpleEligibilityAndToggle.getHatStatus
FNDA:408,SimpleEligibilityAndToggle.getHatStatus
DA:32,408
FNF:2
FNH:2
LF:2
LH:2
BRF:0
BRH:0
end_of_record
TN:
SF:src/routers-transformers/Trader.sol
FN:153,Trader.
FNDA:0,Trader.
DA:154,0
DA:164,0
DA:168,0
DA:169,0
DA:170,0
DA:171,0
DA:172,0
DA:173,0
DA:174,0
DA:175,0
DA:176,0
DA:177,0
DA:178,0
FN:182,Trader.uniEthWrapper
FNDA:0,Trader.uniEthWrapper
DA:183,0
FN:188,Trader.splitsEthWrapper
FNDA:0,Trader.splitsEthWrapper
DA:189,0
FN:195,Trader.safeBalanceOf
FNDA:4,Trader.safeBalanceOf
DA:196,4
BRDA:196,2,0,2
BRDA:196,2,1,2
DA:197,2
DA:199,2
FN:207,Trader.callInitFlash
FNDA:2,Trader.callInitFlash
DA:208,2
DA:210,2
DA:211,2
DA:221,2
DA:222,2
DA:225,2
DA:229,2
DA:233,2
DA:235,2
FN:241,Trader.max
FNDA:5,Trader.max
DA:242,5
FN:253,Trader.transform
FNDA:6,Trader.transform
DA:254,6
DA:255,4
BRDA:255,5,0,1
BRDA:255,5,1,1
DA:256,2
DA:258,2
DA:259,1
DA:262,2
DA:263,2
DA:264,2
DA:265,2
BRDA:265,8,0,2
DA:266,2
DA:267,2
DA:270,2
DA:272,2
FN:278,Trader.convert
FNDA:21672,Trader.convert
DA:279,21672
BRDA:279,10,0,29
DA:280,29
DA:281,29
DA:282,29
DA:285,21672
DA:288,21106
DA:289,21105
DA:290,21105
DA:293,5135
DA:296,2545
DA:297,2543
DA:299,2543
DA:300,2543
BRDA:300,15,0,1
DA:301,1
DA:304,2543
DA:306,2543
DA:308,2052
DA:310,2052
BRDA:310,17,0,2050
BRDA:310,17,1,1
DA:311,2051
DA:313,1
DA:316,2050
DA:317,0
FN:321,Trader.nextDeadline
FNDA:54,Trader.nextDeadline
DA:322,54
DA:323,54
BRDA:323,18,0,25
DA:324,25
DA:326,54
FN:333,Trader.getSaleValue
FNDA:2545,Trader.getSaleValue
DA:334,2545
DA:335,2545
DA:337,2545
DA:338,2545
BRDA:338,20,0,2
DA:339,2
DA:342,2545
BRDA:342,21,0,492
DA:343,492
DA:345,2545
BRDA:345,22,0,1
DA:346,1
FN:352,Trader.findSaleValue
FNDA:3,Trader.findSaleValue
DA:353,3
DA:354,257
DA:355,257
BRDA:355,23,0,2
DA:356,2
DA:359,1
FN:363,Trader.canTrade
FNDA:1002,Trader.canTrade
DA:364,1002
DA:365,1002
FN:369,Trader.hasOverspent
FNDA:4931,Trader.hasOverspent
DA:370,4931
DA:371,4931
FN:378,Trader.setSpending
FNDA:26,Trader.setSpending
DA:379,26
DA:380,26
DA:381,26
DA:382,26
DA:383,26
DA:384,26
FN:390,Trader.configurePeriod
FNDA:25,Trader.configurePeriod
DA:391,25
DA:392,25
DA:393,25
DA:394,25
FN:399,Trader.emergencyStop
FNDA:7,Trader.emergencyStop
FN:405,Trader.validateSpendingArgs
FNDA:25,Trader.validateSpendingArgs
DA:407,25
BRDA:407,27,0,1
DA:408,1
DA:409,1
FN:416,Trader.setSwapper
FNDA:1,Trader.setSwapper
DA:417,1
DA:418,1
DA:419,1
FN:424,Trader.getSafetyBlocks
FNDA:39595,Trader.getSafetyBlocks
DA:425,39595
FN:430,Trader.chance
FNDA:19889,Trader.chance
DA:431,19889
DA:432,19889
DA:433,19677
DA:434,19677
DA:435,19677
DA:436,19677
FN:442,Trader.remainingBlocks
FNDA:19678,Trader.remainingBlocks
DA:443,19678
DA:444,19678
DA:445,19678
FN:450,Trader.spendADay
FNDA:1,Trader.spendADay
DA:451,1
FN:458,Trader.getRandomNumber
FNDA:22385,Trader.getRandomNumber
DA:459,22385
DA:460,22385
BRDA:460,33,0,1
DA:461,1
DA:463,22384
FN:467,Trader.apply_domain
FNDA:324930,Trader.apply_domain
DA:468,324930
FN:475,Trader.getUniformInRange
FNDA:302546,Trader.getUniformInRange
DA:476,302546
FNF:25
FNH:22
LF:118
LH:102
BRF:16
BRH:16
end_of_record
TN:
SF:src/routers-transformers/TraderBotEntry.sol
FN:8,TraderBotEntry.
FNDA:0,TraderBotEntry.
FN:10,TraderBotEntry.flash
FNDA:0,TraderBotEntry.flash
DA:11,0
DA:12,0
DA:13,0
DA:14,0
FN:17,TraderBotEntry.max
FNDA:0,TraderBotEntry.max
DA:18,0
FNF:3
FNH:0
LF:5
LH:0
BRF:0
BRH:0
end_of_record
TN:
SF:src/vendor/0xSplits/LibClone.sol
FN:18,LibClone.clone
FNDA:0,LibClone.clone
DA:93,0
DA:95,0
DA:96,0
DA:97,0
DA:99,0
DA:100,0
DA:105,0
DA:108,0
DA:109,0
DA:112,0
BRDA:112,0,0,-
DA:114,0
DA:116,0
FNF:1
FNH:0
LF:12
LH:0
BRF:1
BRH:0
end_of_record
TN:
SF:src/vendor/0xSplits/TokenUtils.sol
FN:12,TokenUtils._isETH
FNDA:0,TokenUtils._isETH
DA:13,0
FN:16,TokenUtils._decimals
FNDA:0,TokenUtils._decimals
DA:17,0
FN:20,TokenUtils._balanceOf
FNDA:0,TokenUtils._balanceOf
DA:21,0
FN:24,TokenUtils._safeTransfer
FNDA:0,TokenUtils._safeTransfer
DA:25,0
FNF:4
FNH:0
LF:4
LH:0
BRF:0
BRH:0
end_of_record
TN:
SF:src/vendor/0xSplits/UniV3Swap.sol
FN:41,UniV3Swap.
FNDA:0,UniV3Swap.
DA:42,0
DA:43,0
DA:44,0
FN:55,UniV3Swap.initFlash
FNDA:0,UniV3Swap.initFlash
DA:56,0
FN:63,UniV3Swap.swapperFlashCallback
FNDA:0,UniV3Swap.swapperFlashCallback
DA:68,0
DA:69,0
DA:71,0
DA:72,0
BRDA:72,0,0,-
DA:73,0
DA:76,0
DA:80,0
DA:81,0
DA:82,0
DA:83,0
DA:85,0
DA:86,0
DA:89,0
DA:93,0
DA:95,0
DA:96,0
BRDA:96,2,0,-
BRDA:96,2,1,-
DA:98,0
DA:99,0
DA:102,0
DA:105,0
DA:106,0
BRDA:106,3,0,-
DA:107,0
DA:111,0
DA:114,0
DA:115,0
BRDA:115,4,0,-
DA:116,0
FN:121,UniV3Swap._getStartTokenFromPath
FNDA:0,UniV3Swap._getStartTokenFromPath
DA:123,0
FNF:4
FNH:0
LF:31
LH:0
BRF:5
BRH:0
end_of_record
TN:
SF:test/integration/Setup.t.sol
FN:72,SetupIntegrationTest.addLabels
FNDA:0,SetupIntegrationTest.addLabels
DA:73,0
DA:74,0
DA:75,0
DA:76,0
DA:77,0
DA:78,0
DA:79,0
DA:80,0
DA:81,0
DA:83,0
DA:84,0
DA:86,0
DA:89,0
DA:90,0
FN:93,SetupIntegrationTest.deploy
FNDA:9,SetupIntegrationTest.deploy
DA:103,9
DA:105,0
DA:108,0
DA:111,0
DA:112,0
DA:113,9
DA:114,9
DA:119,9
FN:122,SetupIntegrationTest.setUp
FNDA:9,SetupIntegrationTest.setUp
DA:124,9
DA:127,9
DA:130,9
DA:132,0
DA:135,9
BRDA:135,0,0,-
BRDA:135,0,1,-
DA:136,9
BRDA:136,1,0,9
BRDA:136,1,1,-
DA:137,9
BRDA:137,2,0,9
BRDA:137,2,1,9
DA:140,9
BRDA:140,3,0,-
BRDA:140,3,1,-
DA:141,9
BRDA:141,4,0,-
BRDA:141,4,1,-
DA:142,9
BRDA:142,5,0,-
BRDA:142,5,1,-
DA:143,9
BRDA:143,6,0,-
BRDA:143,6,1,-
DA:144,9
BRDA:144,7,0,-
BRDA:144,7,1,-
DA:147,9
BRDA:147,8,0,-
BRDA:147,8,1,-
DA:148,9
BRDA:148,9,0,-
BRDA:148,9,1,-
DA:149,9
BRDA:149,10,0,9
BRDA:149,10,1,-
DA:150,9
BRDA:150,11,0,9
BRDA:150,11,1,-
DA:151,9
BRDA:151,12,0,9
BRDA:151,12,1,-
DA:153,9
DA:154,9
DA:155,9
DA:156,9
DA:159,9
BRDA:159,13,0,9
BRDA:159,13,1,-
DA:160,9
BRDA:160,14,0,9
BRDA:160,14,1,-
DA:161,9
BRDA:161,15,0,9
BRDA:161,15,1,-
DA:162,9
BRDA:162,16,0,9
BRDA:162,16,1,-
DA:165,9
BRDA:165,17,0,-
BRDA:165,17,1,-
DA:166,9
BRDA:166,18,0,-
BRDA:166,18,1,-
DA:167,9
BRDA:167,19,0,-
BRDA:167,19,1,-
DA:168,9
BRDA:168,20,0,-
BRDA:168,20,1,-
DA:171,9
BRDA:171,21,0,9
BRDA:171,21,1,-
DA:172,9
BRDA:172,22,0,9
BRDA:172,22,1,-
DA:173,9
BRDA:173,23,0,9
BRDA:173,23,1,-
DA:174,9
BRDA:174,24,0,9
BRDA:174,24,1,-
FN:184,SetupIntegrationTest._createTestOwners
FNDA:9,SetupIntegrationTest._createTestOwners
DA:185,9
DA:186,9
DA:189,9
DA:190,45
DA:191,45
DA:192,45
DA:196,9
DA:197,36
DA:198,90
BRDA:198,25,0,81
DA:200,81
DA:201,81
DA:202,81
DA:205,81
DA:206,81
DA:207,81
DA:213,9
DA:214,45
DA:215,45
FN:223,SetupIntegrationTest.execTransaction
FNDA:7,SetupIntegrationTest.execTransaction
DA:224,7
BRDA:224,26,0,-
BRDA:224,26,1,-
DA:225,7
BRDA:225,27,0,-
BRDA:225,27,1,-
DA:228,7
DA:242,7
DA:243,7
DA:245,7
DA:247,35
BRDA:247,28,0,35
BRDA:247,28,1,-
DA:250,7
DA:251,21
DA:252,21
DA:255,0
DA:256,0
DA:257,0
DA:259,21
DA:261,7
DA:263,7
DA:275,7
DA:276,7
BRDA:276,29,0,-
BRDA:276,29,1,-
FNF:5
FNH:4
LF:91
LH:69
BRF:59
BRH:16
end_of_record
TN:
SF:test/mocks/MockDragonRouter.sol
FN:18,MockDragonRouter.
FNDA:0,MockDragonRouter.
DA:19,0
DA:20,0
DA:21,0
DA:22,0
DA:23,0
DA:24,0
DA:25,0
FN:32,MockDragonRouter.fundFromSource
FNDA:0,MockDragonRouter.fundFromSource
DA:33,0
DA:35,0
DA:36,0
FN:44,MockDragonRouter.mint
FNDA:0,MockDragonRouter.mint
DA:45,0
FN:53,MockDragonRouter.burn
FNDA:0,MockDragonRouter.burn
DA:54,0
FN:60,MockDragonRouter.claimSplit
FNDA:0,MockDragonRouter.claimSplit
DA:61,0
DA:62,0
DA:64,0
FNF:5
FNH:0
LF:15
LH:0
BRF:0
BRH:0
end_of_record
TN:
SF:test/mocks/MockDragonRouterTesting.sol
FN:14,MockDragonRouterTesting.exposed_updateUserSplit
FNDA:1,MockDragonRouterTesting.exposed_updateUserSplit
DA:15,1
FN:21,MockDragonRouterTesting.exposed_transferSplit
FNDA:4,MockDragonRouterTesting.exposed_transferSplit
DA:22,4
FN:28,MockDragonRouterTesting.exposed_claimableAssets
FNDA:1,MockDragonRouterTesting.exposed_claimableAssets
DA:29,1
DA:30,1
FN:43,MockDragonRouterTesting.setUserDataForTest
FNDA:102,MockDragonRouterTesting.setUserDataForTest
DA:52,102
DA:53,102
DA:54,102
DA:55,102
DA:56,102
DA:57,102
FN:68,MockDragonRouterTesting.setStrategyDataForTest
FNDA:105,MockDragonRouterTesting.setStrategyDataForTest
DA:75,105
DA:76,105
DA:77,105
DA:78,105
DA:79,105
FN:86,MockDragonRouterTesting.setTransformerForTest
FNDA:4,MockDragonRouterTesting.setTransformerForTest
DA:87,4
DA:88,3
DA:90,3
FNF:6
FNH:6
LF:18
LH:18
BRF:0
BRH:0
end_of_record
TN:
SF:test/mocks/MockERC20.sol
FN:7,MockERC20.
FNDA:95,MockERC20.
FN:9,MockERC20.mint
FNDA:178,MockERC20.mint
DA:10,178
FN:15,MockERC20.
FNDA:0,MockERC20.
FNF:3
FNH:2
LF:1
LH:1
BRF:0
BRH:0
end_of_record
TN:
SF:test/mocks/MockFactory.sol
FN:7,MockFactory.
FNDA:0,MockFactory.
DA:8,0
DA:9,0
FN:12,MockFactory.setRecipient
FNDA:0,MockFactory.setRecipient
DA:13,0
FN:16,MockFactory.setFee
FNDA:0,MockFactory.setFee
DA:17,0
FN:20,MockFactory.protocol_fee_config
FNDA:0,MockFactory.protocol_fee_config
DA:21,0
FNF:4
FNH:0
LF:5
LH:0
BRF:0
BRH:0
end_of_record
TN:
SF:test/mocks/MockFailSafe.sol
FN:8,FailSafe.execTransactionFromModule
FNDA:2,FailSafe.execTransactionFromModule
DA:14,2
FNF:1
FNH:1
LF:1
LH:1
BRF:0
BRH:0
end_of_record
TN:
SF:test/mocks/MockStrategy.sol
FN:19,MockStrategy.setUp
FNDA:28,MockStrategy.setUp
DA:20,28
DA:22,28
DA:32,28
DA:34,28
DA:35,28
DA:47,28
DA:48,28
DA:50,28
DA:51,28
DA:52,28
FN:55,MockStrategy._deployFunds
FNDA:2070,MockStrategy._deployFunds
DA:56,2070
FN:60,MockStrategy._freeFunds
FNDA:1,MockStrategy._freeFunds
DA:61,1
FN:64,MockStrategy._harvestAndReport
FNDA:1,MockStrategy._harvestAndReport
DA:65,1
DA:66,1
DA:67,1
DA:68,1
FN:71,MockStrategy._tend
FNDA:2,MockStrategy._tend
DA:72,2
DA:73,2
BRDA:73,2,0,2
DA:74,2
BRDA:74,3,0,1
DA:75,1
DA:76,1
DA:78,1
FN:82,MockStrategy._emergencyWithdraw
FNDA:2,MockStrategy._emergencyWithdraw
DA:83,2
FN:86,MockStrategy._tendTrigger
FNDA:1,MockStrategy._tendTrigger
DA:87,1
FN:90,MockStrategy.setTrigger
FNDA:1,MockStrategy.setTrigger
DA:91,1
FN:94,MockStrategy.adjustPosition
FNDA:2,MockStrategy.adjustPosition
DA:95,2
FN:98,MockStrategy.liquidatePosition
FNDA:1,MockStrategy.liquidatePosition
DA:101,1
DA:102,1
FNF:10
FNH:10
LF:28
LH:28
BRF:2
BRH:2
end_of_record
TN:
SF:test/mocks/MockStrategy2.sol
FN:18,MockStrategy.setUp
FNDA:98,MockStrategy.setUp
DA:19,98
DA:21,98
DA:31,98
DA:33,98
DA:34,98
DA:46,98
DA:47,98
DA:49,98
DA:50,98
DA:51,98
FN:54,MockStrategy.initialize
FNDA:0,MockStrategy.initialize
DA:55,0
BRDA:55,1,0,-
BRDA:55,1,1,-
DA:56,0
DA:57,0
FN:60,MockStrategy._deployFunds
FNDA:6737,MockStrategy._deployFunds
DA:61,6737
FN:64,MockStrategy._freeFunds
FNDA:3349,MockStrategy._freeFunds
DA:65,3349
FN:68,MockStrategy._harvestAndReport
FNDA:1799,MockStrategy._harvestAndReport
DA:69,1799
DA:70,1799
BRDA:70,2,0,257
DA:71,257
DA:73,1799
FN:76,MockStrategy._tend
FNDA:771,MockStrategy._tend
DA:77,771
DA:78,771
BRDA:78,3,0,514
DA:79,514
FN:83,MockStrategy._emergencyWithdraw
FNDA:1,MockStrategy._emergencyWithdraw
DA:84,1
FN:87,MockStrategy._tendTrigger
FNDA:0,MockStrategy._tendTrigger
DA:88,0
FN:91,MockStrategy.setTrigger
FNDA:0,MockStrategy.setTrigger
DA:92,0
FN:95,MockStrategy.onlyLetManagers
FNDA:0,MockStrategy.onlyLetManagers
DA:96,0
FN:99,MockStrategy.onlyLetKeepersIn
FNDA:0,MockStrategy.onlyLetKeepersIn
DA:100,0
FN:103,MockStrategy.onlyLetEmergencyAdminsIn
FNDA:0,MockStrategy.onlyLetEmergencyAdminsIn
DA:104,0
FNF:12
FNH:6
LF:28
LH:20
BRF:4
BRH:2
end_of_record
TN:
SF:test/mocks/MockTokenizedStrategy.sol
FN:131,MockTokenizedStrategy.onlyOwner
FNDA:0,MockTokenizedStrategy.onlyOwner
DA:132,0
BRDA:132,0,0,-
BRDA:132,0,1,-
FN:139,MockTokenizedStrategy.onlyManagement
FNDA:0,MockTokenizedStrategy.onlyManagement
DA:140,0
FN:148,MockTokenizedStrategy.onlyKeepers
FNDA:0,MockTokenizedStrategy.onlyKeepers
DA:149,0
FN:157,MockTokenizedStrategy.onlyEmergencyAuthorized
FNDA:0,MockTokenizedStrategy.onlyEmergencyAuthorized
DA:158,0
FN:166,MockTokenizedStrategy.nonReentrant
FNDA:0,MockTokenizedStrategy.nonReentrant
DA:167,0
DA:169,0
BRDA:169,1,0,-
BRDA:169,1,1,-
DA:172,0
DA:177,0
FN:189,MockTokenizedStrategy.requireManagement
FNDA:0,MockTokenizedStrategy.requireManagement
DA:190,0
BRDA:190,2,0,-
BRDA:190,2,1,-
FN:202,MockTokenizedStrategy.requireKeeperOrManagement
FNDA:0,MockTokenizedStrategy.requireKeeperOrManagement
DA:203,0
DA:204,0
BRDA:204,3,0,-
BRDA:204,3,1,-
FN:216,MockTokenizedStrategy.requireEmergencyAuthorized
FNDA:0,MockTokenizedStrategy.requireEmergencyAuthorized
DA:217,0
DA:218,0
BRDA:218,4,0,-
BRDA:218,4,1,-
FN:278,MockTokenizedStrategy._strategyStorage
FNDA:0,MockTokenizedStrategy._strategyStorage
DA:281,0
DA:283,0
FN:291,MockTokenizedStrategy.initialize
FNDA:0,MockTokenizedStrategy.initialize
DA:300,0
DA:303,0
BRDA:303,5,0,-
BRDA:303,5,1,-
DA:306,0
DA:308,0
DA:309,0
DA:312,0
DA:314,0
DA:316,0
DA:319,0
BRDA:319,6,0,-
BRDA:319,6,1,-
DA:320,0
DA:322,0
DA:325,0
FN:339,MockTokenizedStrategy.deposit
FNDA:0,MockTokenizedStrategy.deposit
DA:344,0
DA:347,0
BRDA:347,7,0,-
BRDA:347,7,1,-
DA:349,0
FN:359,MockTokenizedStrategy.mint
FNDA:0,MockTokenizedStrategy.mint
DA:361,0
DA:364,0
BRDA:364,8,0,-
BRDA:364,8,1,-
DA:366,0
BRDA:366,9,0,-
BRDA:366,9,1,-
DA:368,0
FN:380,MockTokenizedStrategy.withdraw
FNDA:0,MockTokenizedStrategy.withdraw
DA:381,0
FN:394,MockTokenizedStrategy.withdraw
FNDA:0,MockTokenizedStrategy.withdraw
DA:401,0
DA:404,0
BRDA:404,10,0,-
BRDA:404,10,1,-
DA:407,0
FN:419,MockTokenizedStrategy.redeem
FNDA:0,MockTokenizedStrategy.redeem
DA:421,0
FN:434,MockTokenizedStrategy.redeem
FNDA:0,MockTokenizedStrategy.redeem
DA:441,0
DA:442,0
BRDA:442,11,0,-
BRDA:442,11,1,-
DA:443,0
DA:445,0
BRDA:445,12,0,-
BRDA:445,12,1,-
DA:448,0
FN:463,MockTokenizedStrategy.totalAssets
FNDA:0,MockTokenizedStrategy.totalAssets
DA:464,0
FN:478,MockTokenizedStrategy.totalSupply
FNDA:0,MockTokenizedStrategy.totalSupply
DA:479,0
FN:490,MockTokenizedStrategy.convertToShares
FNDA:0,MockTokenizedStrategy.convertToShares
DA:491,0
FN:502,MockTokenizedStrategy.convertToAssets
FNDA:0,MockTokenizedStrategy.convertToAssets
DA:503,0
FN:515,MockTokenizedStrategy.previewDeposit
FNDA:0,MockTokenizedStrategy.previewDeposit
DA:516,0
FN:529,MockTokenizedStrategy.previewMint
FNDA:0,MockTokenizedStrategy.previewMint
DA:530,0
FN:543,MockTokenizedStrategy.previewWithdraw
FNDA:0,MockTokenizedStrategy.previewWithdraw
DA:544,0
FN:556,MockTokenizedStrategy.previewRedeem
FNDA:0,MockTokenizedStrategy.previewRedeem
DA:557,0
FN:568,MockTokenizedStrategy.maxDeposit
FNDA:0,MockTokenizedStrategy.maxDeposit
DA:569,0
FN:579,MockTokenizedStrategy.maxMint
FNDA:0,MockTokenizedStrategy.maxMint
DA:580,0
FN:591,MockTokenizedStrategy.maxWithdraw
FNDA:0,MockTokenizedStrategy.maxWithdraw
DA:592,0
FN:600,MockTokenizedStrategy.maxWithdraw
FNDA:0,MockTokenizedStrategy.maxWithdraw
DA:601,0
FN:612,MockTokenizedStrategy.maxRedeem
FNDA:0,MockTokenizedStrategy.maxRedeem
DA:613,0
FN:621,MockTokenizedStrategy.maxRedeem
FNDA:0,MockTokenizedStrategy.maxRedeem
DA:622,0
FN:630,MockTokenizedStrategy._totalAssets
FNDA:0,MockTokenizedStrategy._totalAssets
DA:631,0
FN:635,MockTokenizedStrategy._totalSupply
FNDA:0,MockTokenizedStrategy._totalSupply
DA:636,0
FN:640,MockTokenizedStrategy._convertToShares
FNDA:0,MockTokenizedStrategy._convertToShares
DA:646,0
DA:648,0
DA:650,0
DA:652,0
DA:654,0
FN:658,MockTokenizedStrategy._convertToAssets
FNDA:0,MockTokenizedStrategy._convertToAssets
DA:664,0
DA:666,0
FN:670,MockTokenizedStrategy._maxDeposit
FNDA:0,MockTokenizedStrategy._maxDeposit
DA:672,0
DA:674,0
FN:678,MockTokenizedStrategy._maxMint
FNDA:0,MockTokenizedStrategy._maxMint
DA:680,0
DA:682,0
DA:683,0
BRDA:683,17,0,-
DA:684,0
FN:689,MockTokenizedStrategy._maxWithdraw
FNDA:0,MockTokenizedStrategy._maxWithdraw
DA:691,0
DA:694,0
BRDA:694,18,0,-
BRDA:694,18,1,-
DA:696,0
DA:698,0
FN:703,MockTokenizedStrategy._maxRedeem
FNDA:0,MockTokenizedStrategy._maxRedeem
DA:705,0
DA:708,0
BRDA:708,19,0,-
BRDA:708,19,1,-
DA:709,0
DA:711,0
FN:733,MockTokenizedStrategy._deposit
FNDA:0,MockTokenizedStrategy._deposit
DA:735,0
DA:737,0
BRDA:737,20,0,-
BRDA:737,20,1,-
DA:738,0
DA:740,0
DA:749,0
DA:754,0
DA:757,0
DA:759,0
FN:771,MockTokenizedStrategy._withdraw
FNDA:0,MockTokenizedStrategy._withdraw
DA:779,0
BRDA:779,21,0,-
BRDA:779,21,1,-
DA:782,0
DA:784,0
DA:785,0
DA:787,0
BRDA:787,22,0,-
DA:790,0
DA:794,0
DA:797,0
BRDA:797,23,0,-
DA:799,0
DA:802,0
BRDA:802,24,0,-
DA:804,0
BRDA:804,25,0,-
BRDA:804,25,1,-
DA:807,0
DA:812,0
DA:814,0
DA:816,0
BRDA:816,26,0,-
BRDA:816,26,1,-
DA:817,0
DA:818,0
BRDA:818,27,0,-
BRDA:818,27,1,-
DA:821,0
DA:824,0
DA:827,0
FN:834,MockTokenizedStrategy.report
FNDA:0,MockTokenizedStrategy.report
DA:836,0
DA:838,0
DA:839,0
DA:841,0
BRDA:841,28,0,-
BRDA:841,28,1,-
DA:842,0
DA:843,0
BRDA:843,29,0,-
BRDA:843,29,1,-
DA:846,0
DA:849,0
DA:850,0
DA:853,0
DA:860,0
FN:886,MockTokenizedStrategy.tend
FNDA:0,MockTokenizedStrategy.tend
DA:887,0
DA:888,0
DA:890,0
FN:909,MockTokenizedStrategy.shutdownStrategy
FNDA:0,MockTokenizedStrategy.shutdownStrategy
DA:910,0
DA:912,0
FN:928,MockTokenizedStrategy.emergencyWithdraw
FNDA:0,MockTokenizedStrategy.emergencyWithdraw
DA:930,0
BRDA:930,30,0,-
BRDA:930,30,1,-
DA:933,0
FN:944,MockTokenizedStrategy.asset
FNDA:0,MockTokenizedStrategy.asset
DA:945,0
FN:952,MockTokenizedStrategy.apiVersion
FNDA:0,MockTokenizedStrategy.apiVersion
DA:953,0
FN:960,MockTokenizedStrategy.management
FNDA:0,MockTokenizedStrategy.management
DA:961,0
FN:968,MockTokenizedStrategy.pendingManagement
FNDA:0,MockTokenizedStrategy.pendingManagement
DA:969,0
FN:972,MockTokenizedStrategy.owner
FNDA:0,MockTokenizedStrategy.owner
DA:973,0
FN:976,MockTokenizedStrategy.dragonRouter
FNDA:0,MockTokenizedStrategy.dragonRouter
DA:977,0
FN:984,MockTokenizedStrategy.keeper
FNDA:0,MockTokenizedStrategy.keeper
DA:985,0
FN:992,MockTokenizedStrategy.emergencyAdmin
FNDA:0,MockTokenizedStrategy.emergencyAdmin
DA:993,0
FN:1000,MockTokenizedStrategy.lastReport
FNDA:0,MockTokenizedStrategy.lastReport
DA:1001,0
FN:1011,MockTokenizedStrategy.pricePerShare
FNDA:0,MockTokenizedStrategy.pricePerShare
DA:1012,0
DA:1013,0
FN:1020,MockTokenizedStrategy.isShutdown
FNDA:0,MockTokenizedStrategy.isShutdown
DA:1021,0
FN:1038,MockTokenizedStrategy.setPendingManagement
FNDA:0,MockTokenizedStrategy.setPendingManagement
DA:1039,0
BRDA:1039,31,0,-
BRDA:1039,31,1,-
DA:1040,0
DA:1042,0
FN:1049,MockTokenizedStrategy.acceptManagement
FNDA:0,MockTokenizedStrategy.acceptManagement
DA:1050,0
DA:1051,0
BRDA:1051,32,0,-
BRDA:1051,32,1,-
DA:1052,0
DA:1053,0
DA:1055,0
FN:1064,MockTokenizedStrategy.setKeeper
FNDA:0,MockTokenizedStrategy.setKeeper
DA:1065,0
DA:1067,0
FN:1076,MockTokenizedStrategy.setEmergencyAdmin
FNDA:0,MockTokenizedStrategy.setEmergencyAdmin
DA:1077,0
DA:1079,0
FN:1090,MockTokenizedStrategy.name
FNDA:0,MockTokenizedStrategy.name
DA:1091,0
FN:1099,MockTokenizedStrategy.symbol
FNDA:0,MockTokenizedStrategy.symbol
DA:1100,0
FN:1107,MockTokenizedStrategy.decimals
FNDA:0,MockTokenizedStrategy.decimals
DA:1108,0
FN:1118,MockTokenizedStrategy.balanceOf
FNDA:0,MockTokenizedStrategy.balanceOf
DA:1119,0
FN:1123,MockTokenizedStrategy._balanceOf
FNDA:0,MockTokenizedStrategy._balanceOf
DA:1124,0
FN:1140,MockTokenizedStrategy.transfer
FNDA:0,MockTokenizedStrategy.transfer
DA:1141,0
DA:1142,0
FN:1155,MockTokenizedStrategy.allowance
FNDA:0,MockTokenizedStrategy.allowance
DA:1156,0
FN:1160,MockTokenizedStrategy._allowance
FNDA:0,MockTokenizedStrategy._allowance
DA:1161,0
FN:1188,MockTokenizedStrategy.approve
FNDA:0,MockTokenizedStrategy.approve
DA:1189,0
DA:1190,0
FN:1220,MockTokenizedStrategy.transferFrom
FNDA:0,MockTokenizedStrategy.transferFrom
DA:1221,0
DA:1222,0
DA:1223,0
DA:1224,0
FN:1243,MockTokenizedStrategy._transfer
FNDA:0,MockTokenizedStrategy._transfer
DA:1244,0
BRDA:1244,33,0,-
BRDA:1244,33,1,-
DA:1245,0
BRDA:1245,34,0,-
BRDA:1245,34,1,-
DA:1246,0
BRDA:1246,35,0,-
BRDA:1246,35,1,-
DA:1248,0
DA:1250,0
DA:1253,0
FN:1267,MockTokenizedStrategy._mint
FNDA:0,MockTokenizedStrategy._mint
DA:1268,0
BRDA:1268,36,0,-
BRDA:1268,36,1,-
DA:1270,0
DA:1272,0
DA:1274,0
FN:1288,MockTokenizedStrategy._burn
FNDA:0,MockTokenizedStrategy._burn
DA:1289,0
BRDA:1289,37,0,-
BRDA:1289,37,1,-
DA:1291,0
DA:1293,0
DA:1295,0
FN:1311,MockTokenizedStrategy._approve
FNDA:0,MockTokenizedStrategy._approve
DA:1312,0
BRDA:1312,38,0,-
BRDA:1312,38,1,-
DA:1313,0
BRDA:1313,39,0,-
BRDA:1313,39,1,-
DA:1315,0
DA:1316,0
FN:1327,MockTokenizedStrategy._spendAllowance
FNDA:0,MockTokenizedStrategy._spendAllowance
DA:1328,0
DA:1329,0
BRDA:1329,40,0,-
DA:1330,0
BRDA:1330,41,0,-
BRDA:1330,41,1,-
DA:1332,0
FN:1351,MockTokenizedStrategy.nonces
FNDA:0,MockTokenizedStrategy.nonces
DA:1352,0
FN:1376,MockTokenizedStrategy.permit
FNDA:0,MockTokenizedStrategy.permit
DA:1385,0
BRDA:1385,42,0,-
BRDA:1385,42,1,-
DA:1390,0
DA:1414,0
BRDA:1414,43,0,-
BRDA:1414,43,1,-
DA:1416,0
FN:1426,MockTokenizedStrategy.DOMAIN_SEPARATOR
FNDA:0,MockTokenizedStrategy.DOMAIN_SEPARATOR
DA:1427,0
DA:1428,0
FN:1443,MockTokenizedStrategy.
FNDA:0,MockTokenizedStrategy.
DA:1444,0
FNF:78
FNH:0
LF:196
LH:0
BRF:75
BRH:0
end_of_record
TN:
SF:test/mocks/MockVaultModule.sol
FN:12,MockVaultModule.setUp
FNDA:0,MockVaultModule.setUp
DA:13,0
DA:15,0
DA:16,0
DA:18,0
DA:19,0
DA:20,0
FN:23,MockVaultModule.exec
FNDA:0,MockVaultModule.exec
DA:24,0
FN:30,MockVaultModule.mint
FNDA:0,MockVaultModule.mint
DA:31,0
DA:32,0
BRDA:32,0,0,-
DA:33,0
DA:36,0
DA:37,0
DA:39,0
FN:45,MockVaultModule.withdraw
FNDA:0,MockVaultModule.withdraw
DA:46,0
DA:47,0
BRDA:47,1,0,-
DA:48,0
DA:51,0
DA:52,0
DA:54,0
FN:60,MockVaultModule.redeem
FNDA:0,MockVaultModule.redeem
DA:61,0
DA:62,0
BRDA:62,2,0,-
DA:63,0
DA:66,0
DA:67,0
DA:69,0
FNF:5
FNH:0
LF:25
LH:0
BRF:3
BRH:0
end_of_record
TN:
SF:test/mocks/MockYieldSource.sol
FN:11,MockYieldSource.
FNDA:0,MockYieldSource.
DA:12,0
FN:15,MockYieldSource.deposit
FNDA:9580,MockYieldSource.deposit
DA:16,9580
FN:19,MockYieldSource.withdraw
FNDA:3356,MockYieldSource.withdraw
DA:20,3356
DA:21,3356
DA:22,3356
BRDA:22,1,0,4
DA:23,4
DA:24,4
BRDA:24,2,0,-
BRDA:24,2,1,-
DA:25,4
DA:27,3352
FN:30,MockYieldSource.balance
FNDA:1800,MockYieldSource.balance
DA:31,1800
FN:34,MockYieldSource.simulateHarvestRewards
FNDA:1,MockYieldSource.simulateHarvestRewards
DA:35,1
BRDA:35,3,0,1
DA:36,1
DA:37,1
BRDA:37,4,0,-
BRDA:37,4,1,-
DA:38,1
DA:40,0
FN:43,MockYieldSource.simulateLoss
FNDA:0,MockYieldSource.simulateLoss
DA:44,0
FNF:6
FNH:4
LF:16
LH:13
BRF:6
BRH:2
end_of_record
TN:
SF:test/unit/Base.t.sol
FN:30,BaseTest._configure
FNDA:131,BaseTest._configure
DA:31,131
BRDA:31,0,0,27
BRDA:31,0,1,-
DA:32,34
BRDA:32,1,0,7
BRDA:32,1,1,-
DA:33,7
DA:34,7
DA:35,7
DA:36,27
BRDA:36,2,0,27
DA:37,27
DA:38,27
DA:39,27
DA:41,34
DA:42,34
DA:44,97
DA:45,97
DA:49,131
DA:51,131
FN:63,BaseTest._testTemps
FNDA:132,BaseTest._testTemps
DA:64,132
DA:65,132
DA:67,132
DA:68,132
DA:85,132
DA:87,132
DA:89,132
DA:90,132
DA:91,132
FNF:2
FNH:2
LF:24
LH:24
BRF:5
BRH:3
end_of_record
TN:
SF:test/unit/DragonRouter.t.sol
FN:21,MockNativeTransformer.transform
FNDA:1,MockNativeTransformer.transform
DA:23,1
DA:26,0
FNF:1
FNH:1
LF:2
LH:1
BRF:0
BRH:0
end_of_record
TN:
SF:test/unit/vaults/ERC20Standard.t.sol
FN:465,ERC20User.erc20_approve
FNDA:0,ERC20User.erc20_approve
DA:466,0
FN:469,ERC20User.erc20_permit
FNDA:3092,ERC20User.erc20_permit
DA:479,3092
FN:482,ERC20User.erc20_transfer
FNDA:0,ERC20User.erc20_transfer
DA:483,0
FN:486,ERC20User.erc20_transferFrom
FNDA:0,ERC20User.erc20_transferFrom
DA:492,0
FNF:4
FNH:1
LF:4
LH:1
BRF:0
BRH:0
end_of_record
TN:
SF:test/unit/vaults/ExtendedTest.sol
FN:8,ExtendedTest.assertNeq
FNDA:0,ExtendedTest.assertNeq
DA:9,0
BRDA:9,0,0,-
DA:10,0
DA:11,0
DA:12,0
DA:13,0
FN:21,ExtendedTest.assertRelApproxEq
FNDA:771,ExtendedTest.assertRelApproxEq
DA:22,771
DA:23,0
DA:25,771
BRDA:25,1,0,-
DA:26,0
DA:27,0
DA:28,0
DA:29,0
DA:30,0
DA:31,0
FN:37,ExtendedTest.assertApproxEq
FNDA:0,ExtendedTest.assertApproxEq
DA:38,0
BRDA:38,2,0,-
BRDA:38,2,1,-
DA:39,0
BRDA:39,3,0,-
DA:40,0
DA:41,0
DA:42,0
DA:43,0
DA:46,0
BRDA:46,4,0,-
DA:47,0
DA:48,0
DA:49,0
DA:50,0
FN:56,ExtendedTest.assertApproxEq
FNDA:4626,ExtendedTest.assertApproxEq
DA:57,4626
BRDA:57,5,0,-
BRDA:57,5,1,-
DA:58,0
BRDA:58,6,0,-
DA:59,0
DA:60,0
DA:61,0
DA:62,0
DA:65,4626
BRDA:65,7,0,-
DA:66,0
DA:67,0
DA:68,0
DA:69,0
FNF:4
FNH:2
LF:36
LH:4
BRF:10
BRH:0
end_of_record
TN:
SF:test/unit/vaults/Setup.sol
FN:51,Setup.setUp
FNDA:97,Setup.setUp
DA:52,97
DA:54,97
DA:56,97
DA:59,97
DA:62,97
DA:65,97
DA:68,97
DA:70,97
DA:71,97
DA:74,97
DA:75,97
DA:76,97
DA:77,97
DA:78,97
DA:79,97
DA:80,97
DA:81,97
FN:84,Setup.setUpStrategy
FNDA:98,Setup.setUpStrategy
DA:85,98
DA:99,98
DA:100,98
FN:103,Setup.mintAndDepositIntoStrategy
FNDA:6168,Setup.mintAndDepositIntoStrategy
DA:104,6168
DA:105,6168
DA:106,6168
DA:108,6168
DA:109,6168
FN:112,Setup.checkStrategyTotals
FNDA:4626,Setup.checkStrategyTotals
DA:119,4626
DA:120,4626
DA:121,4626
DA:122,4626
DA:123,4626
DA:124,0
DA:125,4626
DA:126,4626
DA:128,4626
FN:132,Setup.checkStrategyTotals
FNDA:1028,Setup.checkStrategyTotals
DA:138,1028
DA:139,1028
DA:140,1028
DA:141,1028
DA:142,1028
DA:143,0
DA:144,1028
DA:145,1028
FN:148,Setup.createAndCheckProfit
FNDA:0,Setup.createAndCheckProfit
DA:149,0
DA:150,0
DA:153,0
DA:154,0
DA:156,0
DA:157,0
DA:159,0
DA:160,0
DA:161,0
DA:162,0
DA:163,0
FN:166,Setup.createAndCheckLoss
FNDA:0,Setup.createAndCheckLoss
DA:167,0
DA:169,0
DA:171,0
DA:172,0
DA:174,0
DA:175,0
DA:177,0
DA:178,0
DA:179,0
DA:180,0
FN:183,Setup.increaseTimeAndCheckBuffer
FNDA:0,Setup.increaseTimeAndCheckBuffer
DA:184,0
DA:186,0
FNF:8
FNH:5
LF:65
LH:40
BRF:0
BRH:0
end_of_record
