TN:
SF:poc/dragons/DragonVaultModule.sol
FN:12,DragonVaultModule.setUp
FNDA:0,DragonVaultModule.setUp
DA:13,0
DA:15,0
DA:16,0
DA:18,0
DA:19,0
DA:20,0
FN:23,DragonVaultModule.exec
FNDA:0,DragonVaultModule.exec
DA:24,0
FN:28,DragonVaultModule.mint
FNDA:0,DragonVaultModule.mint
DA:29,0
DA:30,0
BRDA:30,0,0,-
DA:31,0
DA:34,0
DA:35,0
DA:37,0
FN:41,DragonVaultModule.withdraw
FNDA:0,DragonVaultModule.withdraw
DA:42,0
DA:43,0
BRDA:43,1,0,-
DA:44,0
DA:47,0
DA:48,0
DA:50,0
FN:54,DragonVaultModule.redeem
FNDA:0,DragonVaultModule.redeem
DA:55,0
DA:56,0
BRDA:56,2,0,-
DA:57,0
DA:60,0
DA:61,0
DA:63,0
FNF:5
FNH:0
LF:25
LH:0
BRF:3
BRH:0
end_of_record
TN:
SF:script/AddTransactionToSafe.s.sol
FN:13,AddTransactionToSafe.setUp
FNDA:0,AddTransactionToSafe.setUp
DA:14,0
DA:15,0
DA:16,0
FN:19,AddTransactionToSafe.run
FNDA:0,AddTransactionToSafe.run
DA:20,0
DA:22,0
DA:24,0
DA:26,0
DA:28,0
DA:30,0
FNF:2
FNH:0
LF:9
LH:0
BRF:0
BRH:0
end_of_record
TN:
SF:script/CreateSafeWithOctantRewardsSafeModule.s.sol
FN:23,CreateSafeWithModule.setUp
FNDA:0,CreateSafeWithModule.setUp
DA:25,0
DA:26,0
DA:29,0
DA:30,0
DA:32,0
DA:33,0
DA:34,0
DA:35,0
DA:36,0
DA:37,0
FN:40,CreateSafeWithModule.run
FNDA:0,CreateSafeWithModule.run
DA:41,0
DA:44,0
DA:45,0
DA:62,0
DA:64,0
DA:67,0
FNF:2
FNH:0
LF:16
LH:0
BRF:0
BRH:0
end_of_record
TN:
SF:script/CreateSafeWithVaultModule.s.sol
FN:19,CreateSafeWithModule.setUp
FNDA:0,CreateSafeWithModule.setUp
DA:21,0
DA:22,0
DA:25,0
DA:26,0
DA:28,0
DA:29,0
DA:31,0
FN:34,CreateSafeWithModule.run
FNDA:0,CreateSafeWithModule.run
DA:35,0
DA:38,0
DA:39,0
DA:56,0
DA:58,0
DA:60,0
DA:63,0
FNF:2
FNH:0
LF:14
LH:0
BRF:0
BRH:0
end_of_record
TN:
SF:script/DeployModuleAndEnableOnSafe.s.sol
FN:17,DeployModuleAndEnableOnSafe.setUp
FNDA:0,DeployModuleAndEnableOnSafe.setUp
DA:18,0
DA:19,0
DA:20,0
DA:21,0
FN:24,DeployModuleAndEnableOnSafe.run
FNDA:0,DeployModuleAndEnableOnSafe.run
DA:25,0
DA:27,0
DA:33,0
DA:35,0
DA:37,0
DA:39,0
DA:41,0
FNF:2
FNH:0
LF:11
LH:0
BRF:0
BRH:0
end_of_record
TN:
SF:script/DeployModuleFactoryToken.s.sol
FN:10,DeployModuleFactoryTestToken.setUp
FNDA:0,DeployModuleFactoryTestToken.setUp
FN:12,DeployModuleFactoryTestToken.run
FNDA:0,DeployModuleFactoryTestToken.run
DA:13,0
DA:15,0
DA:17,0
DA:19,0
DA:21,0
DA:24,0
DA:25,0
DA:26,0
FNF:2
FNH:0
LF:8
LH:0
BRF:0
BRH:0
end_of_record
TN:
SF:script/DeployOctantModuleAndEnableOnSafe.s.sol
FN:22,DeployModuleAndEnableOnSafe.setUp
FNDA:0,DeployModuleAndEnableOnSafe.setUp
DA:23,0
DA:24,0
DA:25,0
DA:26,0
DA:27,0
DA:28,0
DA:29,0
DA:31,0
DA:33,0
DA:41,0
DA:43,0
FN:46,DeployModuleAndEnableOnSafe.run
FNDA:0,DeployModuleAndEnableOnSafe.run
DA:47,0
DA:49,0
DA:51,0
FNF:2
FNH:0
LF:14
LH:0
BRF:0
BRH:0
end_of_record
TN:
SF:script/DeployOctantModuleFactory.s.sol
FN:9,DeployOctantModuleFactory.setUp
FNDA:0,DeployOctantModuleFactory.setUp
FN:11,DeployOctantModuleFactory.run
FNDA:0,DeployOctantModuleFactory.run
DA:12,0
DA:14,0
DA:16,0
DA:18,0
DA:21,0
DA:22,0
FNF:2
FNH:0
LF:6
LH:0
BRF:0
BRH:0
end_of_record
TN:
SF:script/GetBytesData.s.sol
FN:7,GetBytesData.setUp
FNDA:0,GetBytesData.setUp
FN:11,GetBytesData.run
FNDA:0,GetBytesData.run
DA:12,0
DA:14,0
DA:15,0
DA:18,0
DA:20,0
FNF:2
FNH:0
LF:5
LH:0
BRF:0
BRH:0
end_of_record
TN:
SF:src/capital-providers/PgEtherToken.sol
FN:58,PgEtherToken.
FNDA:0,PgEtherToken.
DA:59,0
DA:60,0
DA:61,0
DA:62,0
FN:65,PgEtherToken.name
FNDA:0,PgEtherToken.name
DA:66,0
FN:69,PgEtherToken.symbol
FNDA:0,PgEtherToken.symbol
DA:70,0
FN:73,PgEtherToken.deposit
FNDA:0,PgEtherToken.deposit
DA:74,0
FN:77,PgEtherToken.depositFor
FNDA:0,PgEtherToken.depositFor
DA:78,0
BRDA:78,0,0,-
DA:79,0
DA:80,0
BRDA:80,1,0,-
DA:81,0
DA:82,0
FN:86,PgEtherToken.updatePgShares
FNDA:0,PgEtherToken.updatePgShares
DA:87,0
BRDA:87,2,0,-
DA:88,0
DA:89,0
BRDA:89,3,0,-
DA:90,0
BRDA:90,4,0,-
BRDA:90,4,1,-
DA:91,0
DA:93,0
FN:97,PgEtherToken.isWithdrawalRequestRequired
FNDA:0,PgEtherToken.isWithdrawalRequestRequired
DA:98,0
FN:101,PgEtherToken.availableToWithdraw
FNDA:0,PgEtherToken.availableToWithdraw
DA:102,0
FN:105,PgEtherToken.requestPgWithdrawal
FNDA:0,PgEtherToken.requestPgWithdrawal
DA:106,0
BRDA:106,5,0,-
DA:107,0
DA:108,0
BRDA:108,6,0,-
DA:109,0
DA:110,0
FN:113,PgEtherToken.claimAccumulatedPgCapital
FNDA:0,PgEtherToken.claimAccumulatedPgCapital
DA:114,0
DA:115,0
FN:118,PgEtherToken.withdrawAccumulatedPgCapital
FNDA:0,PgEtherToken.withdrawAccumulatedPgCapital
DA:119,0
DA:120,0
FN:123,PgEtherToken.claimAndWithdrawAccumulatedPgCapital
FNDA:0,PgEtherToken.claimAndWithdrawAccumulatedPgCapital
DA:124,0
DA:125,0
FN:128,PgEtherToken.getEligibleRewards
FNDA:0,PgEtherToken.getEligibleRewards
DA:129,0
DA:130,0
BRDA:130,7,0,-
DA:132,0
DA:134,0
FN:137,PgEtherToken.mint
FNDA:0,PgEtherToken.mint
DA:138,0
BRDA:138,8,0,-
DA:139,0
DA:141,0
DA:142,0
FN:145,PgEtherToken.burn
FNDA:0,PgEtherToken.burn
DA:146,0
BRDA:146,9,0,-
DA:147,0
DA:149,0
DA:150,0
FNF:15
FNH:0
LF:43
LH:0
BRF:11
BRH:0
end_of_record
TN:
SF:src/dragons/BaseStrategy.sol
FN:20,BaseStrategy.onlySelf
FNDA:3837,BaseStrategy.onlySelf
DA:21,0
FN:28,BaseStrategy.onlyManagement
FNDA:2,BaseStrategy.onlyManagement
DA:29,2
FN:37,BaseStrategy.onlyKeepers
FNDA:0,BaseStrategy.onlyKeepers
DA:38,0
FN:46,BaseStrategy.onlyEmergencyAuthorized
FNDA:0,BaseStrategy.onlyEmergencyAuthorized
DA:47,0
FN:54,BaseStrategy._onlySelf
FNDA:15368,BaseStrategy._onlySelf
DA:55,15368
BRDA:55,0,0,-
BRDA:55,0,1,-
FN:121,BaseStrategy.__BaseStrategy_init
FNDA:66,BaseStrategy.__BaseStrategy_init
DA:131,66
DA:132,66
DA:133,66
DA:136,66
DA:139,66
DA:147,0
FN:223,BaseStrategy.liquidatePosition
FNDA:0,BaseStrategy.liquidatePosition
FN:236,BaseStrategy.adjustPosition
FNDA:0,BaseStrategy.adjustPosition
FN:259,BaseStrategy._tend
FNDA:0,BaseStrategy._tend
FN:267,BaseStrategy._tendTrigger
FNDA:0,BaseStrategy._tendTrigger
DA:268,0
FN:277,BaseStrategy.tendTrigger
FNDA:1,BaseStrategy.tendTrigger
DA:278,1
FN:307,BaseStrategy.availableDepositLimit
FNDA:6913,BaseStrategy.availableDepositLimit
DA:308,6913
FN:329,BaseStrategy.availableWithdrawLimit
FNDA:3073,BaseStrategy.availableWithdrawLimit
DA:330,3073
FN:354,BaseStrategy._emergencyWithdraw
FNDA:0,BaseStrategy._emergencyWithdraw
FN:374,BaseStrategy.deployFunds
FNDA:7687,BaseStrategy.deployFunds
DA:375,7687
FN:388,BaseStrategy.freeFunds
FNDA:3325,BaseStrategy.freeFunds
DA:389,3325
FN:396,BaseStrategy.harvestTrigger
FNDA:4,BaseStrategy.harvestTrigger
DA:399,4
DA:403,3
FN:418,BaseStrategy.harvestAndReport
FNDA:1793,BaseStrategy.harvestAndReport
DA:419,1793
FN:435,BaseStrategy.tendThis
FNDA:769,BaseStrategy.tendThis
DA:436,769
FN:451,BaseStrategy.shutdownWithdraw
FNDA:2,BaseStrategy.shutdownWithdraw
DA:452,2
FN:466,BaseStrategy._delegateCall
FNDA:66,BaseStrategy._delegateCall
DA:468,66
DA:471,66
BRDA:471,2,0,-
DA:473,0
DA:474,0
DA:475,0
DA:476,0
DA:481,0
FN:495,BaseStrategy.
FNDA:70534,BaseStrategy.
DA:497,0
BRDA:497,3,0,-
DA:500,70522
DA:504,0
DA:506,0
DA:508,0
DA:511,0
DA:512,0
FNF:22
FNH:15
LF:36
LH:20
BRF:4
BRH:0
end_of_record
TN:
SF:src/dragons/DragonRouter.sol
FN:64,DragonRouter.
FNDA:0,DragonRouter.
DA:65,0
DA:66,0
DA:67,0
FN:75,DragonRouter.setUserTransformer
FNDA:0,DragonRouter.setUserTransformer
DA:76,0
BRDA:76,0,0,-
BRDA:76,0,1,-
DA:77,0
DA:78,0
FN:85,DragonRouter.fundFromSource
FNDA:0,DragonRouter.fundFromSource
DA:86,0
BRDA:86,1,0,-
BRDA:86,1,1,-
DA:87,0
BRDA:87,2,0,-
BRDA:87,2,1,-
DA:89,0
DA:91,0
DA:92,0
DA:94,0
FN:102,DragonRouter.mint
FNDA:0,DragonRouter.mint
DA:103,0
BRDA:103,3,0,-
BRDA:103,3,1,-
DA:105,0
DA:107,0
DA:108,0
DA:110,0
FN:118,DragonRouter.burn
FNDA:0,DragonRouter.burn
DA:119,0
BRDA:119,4,0,-
BRDA:119,4,1,-
DA:120,0
BRDA:120,5,0,-
BRDA:120,5,1,-
DA:122,0
DA:124,0
DA:125,0
DA:127,0
FN:133,DragonRouter.claimSplit
FNDA:0,DragonRouter.claimSplit
DA:134,0
DA:135,0
DA:136,0
BRDA:136,6,0,-
BRDA:136,6,1,-
DA:138,0
DA:140,0
FN:147,DragonRouter.pushSplit
FNDA:0,DragonRouter.pushSplit
DA:148,0
DA:149,0
DA:150,0
BRDA:150,7,0,-
BRDA:150,7,1,-
DA:152,0
DA:154,0
FN:162,DragonRouter._transferSplit
FNDA:0,DragonRouter._transferSplit
DA:163,0
DA:164,0
BRDA:164,8,0,-
BRDA:164,8,1,-
DA:165,0
DA:166,0
DA:167,0
DA:168,0
DA:169,0
DA:171,0
DA:172,0
FN:180,DragonRouter._updateUserSplit
FNDA:0,DragonRouter._updateUserSplit
DA:181,0
FN:189,DragonRouter._calculateClaimableSplit
FNDA:0,DragonRouter._calculateClaimableSplit
DA:190,0
DA:191,0
FN:199,DragonRouter.getClaimableSplit
FNDA:0,DragonRouter.getClaimableSplit
DA:200,0
FN:207,DragonRouter.totalAssets
FNDA:0,DragonRouter.totalAssets
DA:208,0
FNF:12
FNH:0
LF:47
LH:0
BRF:18
BRH:0
end_of_record
TN:
SF:src/dragons/DragonTokenizedStrategy.sol
FN:11,DragonTokenizedStrategy.initialize
FNDA:312,DragonTokenizedStrategy.initialize
DA:19,312
FN:28,DragonTokenizedStrategy._setOrExtendLockup
FNDA:0,DragonTokenizedStrategy._setOrExtendLockup
DA:29,0
DA:30,0
DA:32,0
BRDA:32,0,0,-
BRDA:32,0,1,-
DA:34,0
DA:35,0
DA:38,0
DA:39,0
DA:42,0
FN:50,DragonTokenizedStrategy._userUnlockedShares
FNDA:3072,DragonTokenizedStrategy._userUnlockedShares
DA:51,3072
DA:53,3072
BRDA:53,1,0,3072
BRDA:53,1,1,-
DA:54,3072
DA:56,0
FN:65,DragonTokenizedStrategy.unlockedShares
FNDA:0,DragonTokenizedStrategy.unlockedShares
DA:66,0
DA:67,0
FN:75,DragonTokenizedStrategy.getUnlockTime
FNDA:0,DragonTokenizedStrategy.getUnlockTime
DA:76,0
FN:80,DragonTokenizedStrategy._maxWithdraw
FNDA:768,DragonTokenizedStrategy._maxWithdraw
DA:88,768
DA:89,768
FN:95,DragonTokenizedStrategy._withdraw
FNDA:3072,DragonTokenizedStrategy._withdraw
DA:103,3072
DA:104,3072
BRDA:104,2,0,3072
BRDA:104,2,1,-
DA:109,3072
BRDA:109,3,0,-
DA:110,0
DA:114,3072
FN:118,DragonTokenizedStrategy._maxRedeem
FNDA:2304,DragonTokenizedStrategy._maxRedeem
DA:120,2304
DA:121,2304
FN:136,DragonTokenizedStrategy.maxWithdraw
FNDA:0,DragonTokenizedStrategy.maxWithdraw
DA:137,0
FN:145,DragonTokenizedStrategy.maxWithdraw
FNDA:0,DragonTokenizedStrategy.maxWithdraw
DA:146,0
FN:159,DragonTokenizedStrategy.withdraw
FNDA:768,DragonTokenizedStrategy.withdraw
DA:167,768
DA:169,768
BRDA:169,4,0,-
BRDA:169,4,1,-
DA:171,768
BRDA:171,5,0,-
BRDA:171,5,1,-
DA:174,768
FN:185,DragonTokenizedStrategy.maxRedeem
FNDA:0,DragonTokenizedStrategy.maxRedeem
DA:186,0
FN:194,DragonTokenizedStrategy.maxRedeem
FNDA:0,DragonTokenizedStrategy.maxRedeem
DA:195,0
FN:208,DragonTokenizedStrategy.redeem
FNDA:2304,DragonTokenizedStrategy.redeem
DA:216,2304
DA:217,2304
BRDA:217,6,0,-
BRDA:217,6,1,-
DA:218,2304
DA:220,2304
BRDA:220,7,0,-
BRDA:220,7,1,-
DA:223,2304
FN:233,DragonTokenizedStrategy.depositWithLockup
FNDA:0,DragonTokenizedStrategy.depositWithLockup
DA:238,0
BRDA:238,8,0,-
BRDA:238,8,1,-
DA:240,0
DA:243,0
BRDA:243,9,0,-
DA:244,0
DA:248,0
BRDA:248,10,0,-
BRDA:248,10,1,-
DA:250,0
BRDA:250,11,0,-
BRDA:250,11,1,-
DA:252,0
DA:254,0
DA:256,0
FN:266,DragonTokenizedStrategy.mintWithLockup
FNDA:0,DragonTokenizedStrategy.mintWithLockup
DA:271,0
BRDA:271,12,0,-
BRDA:271,12,1,-
DA:273,0
DA:276,0
BRDA:276,13,0,-
BRDA:276,13,1,-
DA:278,0
BRDA:278,14,0,-
BRDA:278,14,1,-
DA:280,0
DA:282,0
DA:284,0
FN:305,DragonTokenizedStrategy.report
FNDA:1536,DragonTokenizedStrategy.report
DA:307,1536
DA:314,1536
DA:316,1536
DA:318,1536
DA:320,1536
BRDA:320,15,0,1024
BRDA:320,15,1,-
DA:323,1024
DA:326,1024
DA:330,512
DA:333,512
DA:335,512
BRDA:335,16,0,512
DA:337,512
DA:346,512
BRDA:346,17,0,-
DA:347,0
DA:351,1024
DA:352,1024
DA:355,1536
FN:374,DragonTokenizedStrategy.transfer
FNDA:768,DragonTokenizedStrategy.transfer
DA:375,768
FN:402,DragonTokenizedStrategy.transferFrom
FNDA:1536,DragonTokenizedStrategy.transferFrom
DA:403,1536
FNF:19
FNH:10
LF:72
LH:38
BRF:32
BRH:4
end_of_record
TN:
SF:src/dragons/ModuleProxyFactory.sol
FN:8,ModuleProxyFactory.deployAndEnableModuleFromSafe
FNDA:74,ModuleProxyFactory.deployAndEnableModuleFromSafe
DA:12,74
DA:16,74
FNF:1
FNH:1
LF:2
LH:2
BRF:0
BRH:0
end_of_record
TN:
SF:src/dragons/TokenizedStrategy.sol
FN:127,TokenizedStrategy.onlyOwner
FNDA:6656,TokenizedStrategy.onlyOwner
DA:128,6656
BRDA:128,0,0,-
BRDA:128,0,1,-
FN:135,TokenizedStrategy.onlyManagement
FNDA:55,TokenizedStrategy.onlyManagement
DA:136,55
FN:144,TokenizedStrategy.onlyKeepers
FNDA:1536,TokenizedStrategy.onlyKeepers
DA:145,1536
FN:153,TokenizedStrategy.onlyEmergencyAuthorized
FNDA:257,TokenizedStrategy.onlyEmergencyAuthorized
DA:154,257
FN:162,TokenizedStrategy.nonReentrant
FNDA:1536,TokenizedStrategy.nonReentrant
DA:163,1536
DA:165,1536
BRDA:165,1,0,-
BRDA:165,1,1,-
DA:168,1536
DA:173,1536
FN:185,TokenizedStrategy.requireManagement
FNDA:1847,TokenizedStrategy.requireManagement
DA:186,1847
BRDA:186,2,0,-
BRDA:186,2,1,-
FN:198,TokenizedStrategy.requireKeeperOrManagement
FNDA:2304,TokenizedStrategy.requireKeeperOrManagement
DA:199,2304
DA:200,2304
BRDA:200,3,0,2304
BRDA:200,3,1,256
FN:212,TokenizedStrategy.requireEmergencyAuthorized
FNDA:771,TokenizedStrategy.requireEmergencyAuthorized
DA:213,771
DA:214,771
BRDA:214,4,0,771
BRDA:214,4,1,771
FN:274,TokenizedStrategy._strategyStorage
FNDA:100601,TokenizedStrategy._strategyStorage
DA:277,100601
DA:279,0
FN:287,TokenizedStrategy.__TokenizedStrategy_init
FNDA:312,TokenizedStrategy.__TokenizedStrategy_init
DA:296,312
DA:299,312
BRDA:299,5,0,-
BRDA:299,5,1,-
DA:302,56
DA:304,56
DA:305,56
DA:308,312
DA:310,56
DA:312,56
DA:315,56
BRDA:315,6,0,-
BRDA:315,6,1,-
DA:316,0
DA:318,0
DA:321,56
FN:335,TokenizedStrategy.deposit
FNDA:6656,TokenizedStrategy.deposit
DA:343,6656
DA:346,6656
BRDA:346,7,0,256
DA:347,256
DA:351,6656
BRDA:351,8,0,-
BRDA:351,8,1,-
DA:353,6656
BRDA:353,9,0,-
BRDA:353,9,1,-
DA:355,6656
FN:365,TokenizedStrategy.mint
FNDA:256,TokenizedStrategy.mint
DA:367,256
DA:370,256
BRDA:370,10,0,-
BRDA:370,10,1,-
DA:372,256
BRDA:372,11,0,-
BRDA:372,11,1,-
DA:374,256
FN:386,TokenizedStrategy.withdraw
FNDA:512,TokenizedStrategy.withdraw
DA:387,512
FN:400,TokenizedStrategy.withdraw
FNDA:0,TokenizedStrategy.withdraw
DA:408,0
DA:409,0
BRDA:409,12,0,-
BRDA:409,12,1,-
DA:411,0
BRDA:411,13,0,-
BRDA:411,13,1,-
DA:414,0
FN:426,TokenizedStrategy.redeem
FNDA:1536,TokenizedStrategy.redeem
DA:428,1536
FN:441,TokenizedStrategy.redeem
FNDA:0,TokenizedStrategy.redeem
DA:449,0
DA:450,0
BRDA:450,14,0,-
BRDA:450,14,1,-
DA:451,0
DA:453,0
BRDA:453,15,0,-
BRDA:453,15,1,-
DA:456,0
FN:471,TokenizedStrategy.totalAssets
FNDA:5632,TokenizedStrategy.totalAssets
DA:472,5632
FN:486,TokenizedStrategy.totalSupply
FNDA:6144,TokenizedStrategy.totalSupply
DA:487,6144
FN:498,TokenizedStrategy.convertToShares
FNDA:1536,TokenizedStrategy.convertToShares
DA:499,1536
FN:510,TokenizedStrategy.convertToAssets
FNDA:512,TokenizedStrategy.convertToAssets
DA:511,512
FN:523,TokenizedStrategy.previewDeposit
FNDA:0,TokenizedStrategy.previewDeposit
DA:524,0
FN:537,TokenizedStrategy.previewMint
FNDA:0,TokenizedStrategy.previewMint
DA:538,0
FN:551,TokenizedStrategy.previewWithdraw
FNDA:0,TokenizedStrategy.previewWithdraw
DA:552,0
FN:564,TokenizedStrategy.previewRedeem
FNDA:0,TokenizedStrategy.previewRedeem
DA:565,0
FN:576,TokenizedStrategy.maxDeposit
FNDA:0,TokenizedStrategy.maxDeposit
DA:577,0
FN:587,TokenizedStrategy.maxMint
FNDA:0,TokenizedStrategy.maxMint
DA:588,0
FN:599,TokenizedStrategy.maxWithdraw
FNDA:0,TokenizedStrategy.maxWithdraw
DA:600,0
FN:608,TokenizedStrategy.maxWithdraw
FNDA:0,TokenizedStrategy.maxWithdraw
DA:609,0
FN:620,TokenizedStrategy.maxRedeem
FNDA:0,TokenizedStrategy.maxRedeem
DA:621,0
FN:629,TokenizedStrategy.maxRedeem
FNDA:0,TokenizedStrategy.maxRedeem
DA:630,0
FN:638,TokenizedStrategy._totalAssets
FNDA:23808,TokenizedStrategy._totalAssets
DA:639,23808
FN:643,TokenizedStrategy._totalSupply
FNDA:30720,TokenizedStrategy._totalSupply
DA:644,30720
FN:648,TokenizedStrategy._convertToShares
FNDA:12800,TokenizedStrategy._convertToShares
DA:654,12800
DA:656,12800
DA:658,6912
DA:660,6912
DA:662,6144
FN:666,TokenizedStrategy._convertToAssets
FNDA:11776,TokenizedStrategy._convertToAssets
DA:672,11776
DA:674,11776
FN:678,TokenizedStrategy._maxDeposit
FNDA:6656,TokenizedStrategy._maxDeposit
DA:680,6656
DA:682,6656
FN:686,TokenizedStrategy._maxMint
FNDA:256,TokenizedStrategy._maxMint
DA:688,256
DA:690,256
DA:691,256
BRDA:691,20,0,-
DA:692,0
FN:697,TokenizedStrategy._maxWithdraw
FNDA:0,TokenizedStrategy._maxWithdraw
DA:699,0
DA:702,0
BRDA:702,21,0,-
BRDA:702,21,1,-
DA:704,0
DA:706,0
FN:711,TokenizedStrategy._maxRedeem
FNDA:0,TokenizedStrategy._maxRedeem
DA:713,0
DA:716,0
BRDA:716,22,0,-
BRDA:716,22,1,-
DA:717,0
DA:719,0
FN:741,TokenizedStrategy._deposit
FNDA:7424,TokenizedStrategy._deposit
DA:743,7424
DA:745,7424
BRDA:745,23,0,-
BRDA:745,23,1,-
DA:746,0
DA:748,7424
DA:757,7424
DA:762,7424
DA:765,7424
DA:767,7424
FN:779,TokenizedStrategy._withdraw
FNDA:3072,TokenizedStrategy._withdraw
DA:787,3072
BRDA:787,24,0,-
BRDA:787,24,1,-
DA:790,3072
DA:792,3072
DA:793,3072
DA:795,3072
BRDA:795,25,0,3068
DA:798,3068
DA:802,3068
DA:805,3068
BRDA:805,26,0,1536
DA:807,1536
DA:810,1536
BRDA:810,27,0,1276
DA:812,1276
BRDA:812,28,0,-
BRDA:812,28,1,-
DA:815,768
DA:820,2304
DA:822,2304
DA:824,2304
BRDA:824,29,0,-
BRDA:824,29,1,2304
DA:825,0
DA:826,0
BRDA:826,30,0,-
BRDA:826,30,1,-
DA:829,2304
DA:832,2304
DA:835,0
FN:842,TokenizedStrategy.report
FNDA:0,TokenizedStrategy.report
DA:844,0
DA:846,0
DA:847,0
DA:849,0
BRDA:849,31,0,-
BRDA:849,31,1,-
DA:850,0
DA:851,0
BRDA:851,32,0,-
BRDA:851,32,1,-
DA:854,0
DA:857,0
DA:858,0
DA:861,0
DA:868,0
FN:894,TokenizedStrategy.tend
FNDA:512,TokenizedStrategy.tend
DA:895,512
DA:896,512
DA:898,512
FN:917,TokenizedStrategy.shutdownStrategy
FNDA:258,TokenizedStrategy.shutdownStrategy
DA:918,258
DA:920,258
FN:936,TokenizedStrategy.emergencyWithdraw
FNDA:1,TokenizedStrategy.emergencyWithdraw
DA:938,1
BRDA:938,33,0,-
BRDA:938,33,1,-
DA:941,1
FN:952,TokenizedStrategy.asset
FNDA:5632,TokenizedStrategy.asset
DA:953,5632
FN:960,TokenizedStrategy.apiVersion
FNDA:1,TokenizedStrategy.apiVersion
DA:961,1
FN:968,TokenizedStrategy.management
FNDA:1792,TokenizedStrategy.management
DA:969,1792
FN:976,TokenizedStrategy.pendingManagement
FNDA:1024,TokenizedStrategy.pendingManagement
DA:977,1024
FN:980,TokenizedStrategy.owner
FNDA:12032,TokenizedStrategy.owner
DA:981,12032
FN:984,TokenizedStrategy.dragonRouter
FNDA:0,TokenizedStrategy.dragonRouter
DA:985,0
FN:992,TokenizedStrategy.keeper
FNDA:1280,TokenizedStrategy.keeper
DA:993,1280
FN:1000,TokenizedStrategy.emergencyAdmin
FNDA:0,TokenizedStrategy.emergencyAdmin
DA:1001,0
FN:1008,TokenizedStrategy.lastReport
FNDA:0,TokenizedStrategy.lastReport
DA:1009,0
FN:1019,TokenizedStrategy.pricePerShare
FNDA:7936,TokenizedStrategy.pricePerShare
DA:1020,7936
DA:1021,7936
FN:1028,TokenizedStrategy.isShutdown
FNDA:1027,TokenizedStrategy.isShutdown
DA:1029,1027
FN:1046,TokenizedStrategy.setPendingManagement
FNDA:512,TokenizedStrategy.setPendingManagement
DA:1047,512
BRDA:1047,34,0,-
BRDA:1047,34,1,-
DA:1048,512
DA:1050,512
FN:1057,TokenizedStrategy.acceptManagement
FNDA:512,TokenizedStrategy.acceptManagement
DA:1058,512
DA:1059,512
BRDA:1059,35,0,-
BRDA:1059,35,1,-
DA:1060,512
DA:1061,512
DA:1063,256
FN:1072,TokenizedStrategy.setKeeper
FNDA:256,TokenizedStrategy.setKeeper
DA:1073,256
DA:1075,256
FN:1084,TokenizedStrategy.setEmergencyAdmin
FNDA:55,TokenizedStrategy.setEmergencyAdmin
DA:1085,55
DA:1087,55
FN:1094,TokenizedStrategy.setName
FNDA:256,TokenizedStrategy.setName
DA:1095,256
FN:1106,TokenizedStrategy.name
FNDA:257,TokenizedStrategy.name
DA:1107,257
FN:1115,TokenizedStrategy.symbol
FNDA:1,TokenizedStrategy.symbol
DA:1116,1
FN:1123,TokenizedStrategy.decimals
FNDA:1,TokenizedStrategy.decimals
DA:1124,1
FN:1134,TokenizedStrategy.balanceOf
FNDA:4608,TokenizedStrategy.balanceOf
DA:1135,4608
FN:1139,TokenizedStrategy._balanceOf
FNDA:10752,TokenizedStrategy._balanceOf
DA:1140,10752
FN:1156,TokenizedStrategy.transfer
FNDA:0,TokenizedStrategy.transfer
DA:1157,0
DA:1158,0
FN:1171,TokenizedStrategy.allowance
FNDA:3843,TokenizedStrategy.allowance
DA:1172,3843
FN:1176,TokenizedStrategy._allowance
FNDA:3843,TokenizedStrategy._allowance
DA:1177,3843
FN:1204,TokenizedStrategy.approve
FNDA:1024,TokenizedStrategy.approve
DA:1205,1024
DA:1206,1024
FN:1236,TokenizedStrategy.transferFrom
FNDA:0,TokenizedStrategy.transferFrom
DA:1237,0
DA:1238,0
DA:1239,0
DA:1240,0
FN:1259,TokenizedStrategy._transfer
FNDA:0,TokenizedStrategy._transfer
DA:1260,0
BRDA:1260,36,0,-
BRDA:1260,36,1,-
DA:1261,0
BRDA:1261,37,0,-
BRDA:1261,37,1,-
DA:1262,0
BRDA:1262,38,0,-
BRDA:1262,38,1,-
DA:1264,0
DA:1266,0
DA:1269,0
FN:1283,TokenizedStrategy._mint
FNDA:7424,TokenizedStrategy._mint
DA:1284,7424
BRDA:1284,39,0,-
BRDA:1284,39,1,-
DA:1286,7424
DA:1288,7424
DA:1290,7424
FN:1304,TokenizedStrategy._burn
FNDA:2304,TokenizedStrategy._burn
DA:1305,2304
BRDA:1305,40,0,-
BRDA:1305,40,1,-
DA:1307,2304
DA:1309,2304
DA:1311,2304
FN:1327,TokenizedStrategy._approve
FNDA:3842,TokenizedStrategy._approve
DA:1328,3842
BRDA:1328,41,0,-
BRDA:1328,41,1,-
DA:1329,3842
BRDA:1329,42,0,-
BRDA:1329,42,1,-
DA:1331,3842
DA:1332,3842
FN:1343,TokenizedStrategy._spendAllowance
FNDA:0,TokenizedStrategy._spendAllowance
DA:1344,0
DA:1345,0
BRDA:1345,43,0,-
DA:1346,0
BRDA:1346,44,0,-
BRDA:1346,44,1,-
DA:1348,0
FN:1367,TokenizedStrategy.nonces
FNDA:5635,TokenizedStrategy.nonces
DA:1368,5635
FN:1392,TokenizedStrategy.permit
FNDA:3080,TokenizedStrategy.permit
DA:1395,3080
BRDA:1395,45,0,-
BRDA:1395,45,1,-
DA:1400,3080
DA:1424,3079
BRDA:1424,46,0,3079
BRDA:1424,46,1,2826
DA:1426,3079
FN:1436,TokenizedStrategy.DOMAIN_SEPARATOR
FNDA:5905,TokenizedStrategy.DOMAIN_SEPARATOR
DA:1437,5905
FN:1452,TokenizedStrategy.
FNDA:55,TokenizedStrategy.
DA:1453,55
FNF:79
FNH:57
LF:200
LH:135
BRF:80
BRH:11
end_of_record
TN:
SF:src/dragons/guards/antiLoopHoleGuard.sol
FN:16,AntiLoopholeGuard.
FNDA:0,AntiLoopholeGuard.
DA:17,0
DA:18,0
FN:21,AntiLoopholeGuard.setUp
FNDA:0,AntiLoopholeGuard.setUp
DA:22,0
DA:23,0
DA:24,0
FN:28,AntiLoopholeGuard.checkTransaction
FNDA:0,AntiLoopholeGuard.checkTransaction
DA:41,0
BRDA:41,0,0,-
DA:42,0
DA:44,0
BRDA:44,1,0,-
DA:45,0
DA:47,0
BRDA:47,2,0,-
DA:48,0
BRDA:48,3,0,-
DA:49,0
DA:52,0
DA:53,0
BRDA:53,4,0,-
DA:55,0
FN:62,AntiLoopholeGuard.checkAfterExecution
FNDA:0,AntiLoopholeGuard.checkAfterExecution
FN:66,AntiLoopholeGuard.disableGuard
FNDA:0,AntiLoopholeGuard.disableGuard
DA:67,0
BRDA:67,5,0,-
BRDA:67,5,1,-
DA:68,0
BRDA:68,6,0,-
DA:69,0
FNF:5
FNH:0
LF:18
LH:0
BRF:8
BRH:0
end_of_record
TN:
SF:src/dragons/modules/OctantRewardsSafe.sol
FN:67,OctantRewardsSafe.onlyKeeper
FNDA:4,OctantRewardsSafe.onlyKeeper
DA:67,4
BRDA:67,0,0,-
BRDA:67,0,1,-
FN:72,OctantRewardsSafe.setUp
FNDA:8,OctantRewardsSafe.setUp
DA:73,8
DA:77,8
DA:80,8
DA:83,8
DA:84,8
DA:85,8
DA:87,8
DA:88,8
DA:89,8
FN:99,OctantRewardsSafe.harvest
FNDA:3,OctantRewardsSafe.harvest
DA:100,3
BRDA:100,1,0,3
BRDA:100,1,1,3
DA:101,2
DA:102,2
DA:105,2
DA:106,2
BRDA:106,2,0,-
BRDA:106,2,1,-
DA:107,1
DA:109,3
FN:120,OctantRewardsSafe.requestNewValidators
FNDA:2,OctantRewardsSafe.requestNewValidators
DA:121,2
BRDA:121,3,0,-
BRDA:121,3,1,-
DA:122,1
DA:123,2
FN:129,OctantRewardsSafe.requestExitValidators
FNDA:2,OctantRewardsSafe.requestExitValidators
DA:130,2
BRDA:130,4,0,-
BRDA:130,4,1,-
DA:131,1
FN:137,OctantRewardsSafe.setTreasury
FNDA:2,OctantRewardsSafe.setTreasury
DA:138,2
BRDA:138,5,0,-
BRDA:138,5,1,-
DA:139,2
FN:145,OctantRewardsSafe.setDragonRouter
FNDA:2,OctantRewardsSafe.setDragonRouter
DA:146,2
BRDA:146,6,0,-
BRDA:146,6,1,-
DA:147,1
DA:149,2
FN:153,OctantRewardsSafe.setMaxYield
FNDA:2,OctantRewardsSafe.setMaxYield
DA:155,2
BRDA:155,7,0,2
BRDA:155,7,1,1
DA:156,1
DA:157,2
FN:166,OctantRewardsSafe.confirmNewValidators
FNDA:2,OctantRewardsSafe.confirmNewValidators
DA:168,2
BRDA:168,8,0,-
BRDA:168,8,1,-
DA:170,1
DA:172,1
FN:174,OctantRewardsSafe.confirmExitValidators
FNDA:3,OctantRewardsSafe.confirmExitValidators
DA:175,3
BRDA:175,9,0,-
BRDA:175,9,1,-
BRDA:0,10,0,-
BRDA:0,10,1,-
FNF:10
FNH:10
LF:34
LH:34
BRF:22
BRH:4
end_of_record
TN:
SF:src/mocks/MockSafe.sol
FN:11,MockSafe.enableModule
FNDA:0,MockSafe.enableModule
DA:12,0
FN:15,MockSafe.exec
FNDA:0,MockSafe.exec
DA:16,0
DA:17,0
DA:18,0
DA:19,0
BRDA:19,0,0,-
DA:21,0
FN:26,MockSafe.execTransactionFromModule
FNDA:0,MockSafe.execTransactionFromModule
DA:30,0
BRDA:30,1,0,-
DA:31,0
BRDA:31,2,0,-
BRDA:31,2,1,-
DA:32,0
FNF:3
FNH:0
LF:9
LH:0
BRF:4
BRH:0
end_of_record
TN:
SF:src/protocol-adapters/ProtocolsRegistry.sol
FN:17,ProtocolsRegistry.registerProtocol
FNDA:0,ProtocolsRegistry.registerProtocol
FN:19,ProtocolsRegistry.getProtocol
FNDA:0,ProtocolsRegistry.getProtocol
FN:21,ProtocolsRegistry.getProtocolName
FNDA:0,ProtocolsRegistry.getProtocolName
FN:23,ProtocolsRegistry.registerAllocationStrategy
FNDA:0,ProtocolsRegistry.registerAllocationStrategy
FNF:4
FNH:0
LF:0
LH:0
BRF:0
BRH:0
end_of_record
TN:
SF:src/test/TestERC20.sol
FN:7,TestERC20.
FNDA:128,TestERC20.
FN:9,TestERC20.mint
FNDA:74,TestERC20.mint
DA:10,74
FN:15,TestERC20.
FNDA:0,TestERC20.
FNF:3
FNH:2
LF:1
LH:1
BRF:0
BRH:0
end_of_record
TN:
SF:src/vaults/VaultModule.sol
FN:12,VaultModule.setUp
FNDA:0,VaultModule.setUp
DA:13,0
DA:15,0
DA:16,0
DA:18,0
DA:19,0
DA:20,0
FN:23,VaultModule.exec
FNDA:0,VaultModule.exec
DA:24,0
FN:30,VaultModule.mint
FNDA:0,VaultModule.mint
DA:31,0
DA:32,0
BRDA:32,0,0,-
DA:33,0
DA:36,0
DA:37,0
DA:39,0
FN:45,VaultModule.withdraw
FNDA:0,VaultModule.withdraw
DA:46,0
DA:47,0
BRDA:47,1,0,-
DA:48,0
DA:51,0
DA:52,0
DA:54,0
FN:60,VaultModule.redeem
FNDA:0,VaultModule.redeem
DA:61,0
DA:62,0
BRDA:62,2,0,-
DA:63,0
DA:66,0
DA:67,0
DA:69,0
FNF:5
FNH:0
LF:25
LH:0
BRF:3
BRH:0
end_of_record
TN:
SF:test/Base.t.sol
FN:31,BaseTest._configure
FNDA:73,BaseTest._configure
DA:32,18
BRDA:32,0,0,18
BRDA:32,0,1,-
DA:33,18
DA:34,18
DA:36,55
DA:37,55
DA:41,73
DA:43,73
FN:46,BaseTest._testTemps
FNDA:74,BaseTest._testTemps
DA:47,74
DA:48,74
DA:50,74
DA:51,74
DA:68,74
DA:70,74
DA:72,74
DA:73,74
DA:74,74
FNF:2
FNH:2
LF:16
LH:16
BRF:2
BRH:1
end_of_record
TN:
SF:test/mocks/MockDragonModule.sol
FN:12,MockDragonModule.
FNDA:0,MockDragonModule.
DA:13,0
DA:14,0
FN:17,MockDragonModule.getDragonRouter
FNDA:0,MockDragonModule.getDragonRouter
DA:18,0
FN:21,MockDragonModule.getDragonToken
FNDA:0,MockDragonModule.getDragonToken
DA:22,0
FNF:3
FNH:0
LF:4
LH:0
BRF:0
BRH:0
end_of_record
TN:
SF:test/mocks/MockDragonRouter.sol
FN:18,MockDragonRouter.
FNDA:55,MockDragonRouter.
DA:19,55
DA:20,55
DA:21,55
DA:22,55
DA:23,55
DA:24,55
DA:25,55
FN:32,MockDragonRouter.fundFromSource
FNDA:0,MockDragonRouter.fundFromSource
DA:33,0
DA:35,0
DA:36,0
FN:44,MockDragonRouter.mint
FNDA:0,MockDragonRouter.mint
DA:45,0
FN:53,MockDragonRouter.burn
FNDA:0,MockDragonRouter.burn
DA:54,0
FN:60,MockDragonRouter.claimSplit
FNDA:0,MockDragonRouter.claimSplit
DA:61,0
DA:62,0
DA:64,0
FNF:5
FNH:1
LF:15
LH:7
BRF:0
BRH:0
end_of_record
TN:
SF:test/mocks/MockFactory.sol
FN:7,MockFactory.
FNDA:0,MockFactory.
DA:8,0
DA:9,0
FN:12,MockFactory.setRecipient
FNDA:0,MockFactory.setRecipient
DA:13,0
FN:16,MockFactory.setFee
FNDA:0,MockFactory.setFee
DA:17,0
FN:20,MockFactory.protocol_fee_config
FNDA:0,MockFactory.protocol_fee_config
DA:21,0
FNF:4
FNH:0
LF:5
LH:0
BRF:0
BRH:0
end_of_record
TN:
SF:test/mocks/MockFailSafe.sol
FN:8,FailSafe.execTransactionFromModule
FNDA:2,FailSafe.execTransactionFromModule
DA:14,2
FNF:1
FNH:1
LF:1
LH:1
BRF:0
BRH:0
end_of_record
TN:
SF:test/mocks/MockStrategy.sol
FN:18,MockStrategy.setUp
FNDA:10,MockStrategy.setUp
DA:19,10
DA:21,10
DA:30,10
DA:32,10
DA:33,10
DA:44,10
DA:45,10
BRDA:45,0,0,-
DA:47,10
DA:48,10
DA:49,10
FN:52,MockStrategy._deployFunds
FNDA:7,MockStrategy._deployFunds
DA:53,7
BRDA:53,1,0,7
BRDA:53,1,1,-
DA:54,0
FN:57,MockStrategy._freeFunds
FNDA:1,MockStrategy._freeFunds
DA:58,1
FN:61,MockStrategy._harvestAndReport
FNDA:1,MockStrategy._harvestAndReport
DA:62,0
DA:63,1
DA:64,1
DA:65,1
FN:68,MockStrategy._tend
FNDA:1,MockStrategy._tend
DA:69,1
DA:70,1
BRDA:70,2,0,1
DA:71,1
BRDA:71,3,0,1
DA:72,1
DA:73,1
DA:75,0
FN:79,MockStrategy._emergencyWithdraw
FNDA:1,MockStrategy._emergencyWithdraw
DA:80,1
FN:83,MockStrategy._tendTrigger
FNDA:1,MockStrategy._tendTrigger
DA:84,1
FN:87,MockStrategy.setTrigger
FNDA:1,MockStrategy.setTrigger
DA:88,1
FN:91,MockStrategy.adjustPosition
FNDA:1,MockStrategy.adjustPosition
DA:92,1
FN:95,MockStrategy.liquidatePosition
FNDA:1,MockStrategy.liquidatePosition
DA:101,1
DA:102,1
FNF:10
FNH:10
LF:29
LH:26
BRF:5
BRH:3
end_of_record
TN:
SF:test/mocks/MockStrategy2.sol
FN:19,MockStrategy.setUp
FNDA:56,MockStrategy.setUp
DA:20,56
DA:22,56
DA:31,56
DA:33,56
DA:34,56
DA:45,56
DA:46,56
BRDA:46,0,0,56
DA:48,56
DA:49,56
DA:50,56
FN:53,MockStrategy.initialize
FNDA:0,MockStrategy.initialize
DA:54,0
BRDA:54,1,0,-
BRDA:54,1,1,-
DA:55,0
DA:56,0
FN:59,MockStrategy._deployFunds
FNDA:7680,MockStrategy._deployFunds
DA:60,7680
FN:63,MockStrategy._freeFunds
FNDA:3324,MockStrategy._freeFunds
DA:64,3324
FN:67,MockStrategy._harvestAndReport
FNDA:1792,MockStrategy._harvestAndReport
DA:68,1792
DA:69,1792
BRDA:69,2,0,256
DA:70,256
DA:72,1792
FN:75,MockStrategy._tend
FNDA:768,MockStrategy._tend
DA:76,768
DA:77,768
BRDA:77,3,0,512
DA:78,512
FN:82,MockStrategy._emergencyWithdraw
FNDA:1,MockStrategy._emergencyWithdraw
DA:83,1
FN:86,MockStrategy._tendTrigger
FNDA:0,MockStrategy._tendTrigger
DA:87,0
FN:90,MockStrategy.setTrigger
FNDA:0,MockStrategy.setTrigger
DA:91,0
FN:94,MockStrategy.onlyLetManagers
FNDA:0,MockStrategy.onlyLetManagers
DA:95,0
FN:98,MockStrategy.onlyLetKeepersIn
FNDA:0,MockStrategy.onlyLetKeepersIn
DA:99,0
FN:102,MockStrategy.onlyLetEmergencyAdminsIn
FNDA:0,MockStrategy.onlyLetEmergencyAdminsIn
DA:103,0
FNF:12
FNH:6
LF:28
LH:20
BRF:5
BRH:3
end_of_record
TN:
SF:test/mocks/MockTokenizedStrategy.sol
FN:127,MockTokenizedStrategy.onlyOwner
FNDA:8,MockTokenizedStrategy.onlyOwner
DA:128,8
BRDA:128,0,0,-
BRDA:128,0,1,-
FN:135,MockTokenizedStrategy.onlyManagement
FNDA:0,MockTokenizedStrategy.onlyManagement
DA:136,0
FN:144,MockTokenizedStrategy.onlyKeepers
FNDA:2,MockTokenizedStrategy.onlyKeepers
DA:145,2
FN:153,MockTokenizedStrategy.onlyEmergencyAuthorized
FNDA:1,MockTokenizedStrategy.onlyEmergencyAuthorized
DA:154,1
FN:162,MockTokenizedStrategy.nonReentrant
FNDA:1,MockTokenizedStrategy.nonReentrant
DA:163,1
DA:165,1
BRDA:165,1,0,-
BRDA:165,1,1,-
DA:168,1
DA:173,1
FN:185,MockTokenizedStrategy.requireManagement
FNDA:4,MockTokenizedStrategy.requireManagement
DA:186,4
BRDA:186,2,0,-
BRDA:186,2,1,-
FN:198,MockTokenizedStrategy.requireKeeperOrManagement
FNDA:2,MockTokenizedStrategy.requireKeeperOrManagement
DA:199,2
DA:200,2
BRDA:200,3,0,2
BRDA:200,3,1,1
FN:212,MockTokenizedStrategy.requireEmergencyAuthorized
FNDA:2,MockTokenizedStrategy.requireEmergencyAuthorized
DA:213,2
DA:214,2
BRDA:214,4,0,2
BRDA:214,4,1,2
FN:274,MockTokenizedStrategy._strategyStorage
FNDA:78,MockTokenizedStrategy._strategyStorage
DA:277,78
DA:279,0
FN:287,MockTokenizedStrategy.initialize
FNDA:10,MockTokenizedStrategy.initialize
DA:296,10
DA:299,10
BRDA:299,5,0,-
BRDA:299,5,1,-
DA:302,10
DA:304,10
DA:305,10
DA:308,10
DA:310,10
DA:312,10
DA:315,10
BRDA:315,6,0,-
BRDA:315,6,1,-
DA:316,10
DA:318,10
DA:321,10
FN:335,MockTokenizedStrategy.deposit
FNDA:7,MockTokenizedStrategy.deposit
DA:343,7
DA:346,7
BRDA:346,7,0,-
BRDA:346,7,1,-
DA:348,7
FN:358,MockTokenizedStrategy.mint
FNDA:0,MockTokenizedStrategy.mint
DA:360,0
DA:363,0
BRDA:363,8,0,-
BRDA:363,8,1,-
DA:365,0
BRDA:365,9,0,-
BRDA:365,9,1,-
DA:367,0
FN:379,MockTokenizedStrategy.withdraw
FNDA:0,MockTokenizedStrategy.withdraw
DA:380,0
FN:393,MockTokenizedStrategy.withdraw
FNDA:1,MockTokenizedStrategy.withdraw
DA:400,1
DA:403,1
BRDA:403,10,0,-
BRDA:403,10,1,-
DA:406,1
FN:418,MockTokenizedStrategy.redeem
FNDA:0,MockTokenizedStrategy.redeem
DA:420,0
FN:433,MockTokenizedStrategy.redeem
FNDA:0,MockTokenizedStrategy.redeem
DA:440,0
DA:441,0
BRDA:441,11,0,-
BRDA:441,11,1,-
DA:442,0
DA:444,0
BRDA:444,12,0,-
BRDA:444,12,1,-
DA:447,0
FN:462,MockTokenizedStrategy.totalAssets
FNDA:4,MockTokenizedStrategy.totalAssets
DA:463,4
FN:477,MockTokenizedStrategy.totalSupply
FNDA:0,MockTokenizedStrategy.totalSupply
DA:478,0
FN:489,MockTokenizedStrategy.convertToShares
FNDA:0,MockTokenizedStrategy.convertToShares
DA:490,0
FN:501,MockTokenizedStrategy.convertToAssets
FNDA:0,MockTokenizedStrategy.convertToAssets
DA:502,0
FN:514,MockTokenizedStrategy.previewDeposit
FNDA:0,MockTokenizedStrategy.previewDeposit
DA:515,0
FN:528,MockTokenizedStrategy.previewMint
FNDA:0,MockTokenizedStrategy.previewMint
DA:529,0
FN:542,MockTokenizedStrategy.previewWithdraw
FNDA:0,MockTokenizedStrategy.previewWithdraw
DA:543,0
FN:555,MockTokenizedStrategy.previewRedeem
FNDA:0,MockTokenizedStrategy.previewRedeem
DA:556,0
FN:567,MockTokenizedStrategy.maxDeposit
FNDA:0,MockTokenizedStrategy.maxDeposit
DA:568,0
FN:578,MockTokenizedStrategy.maxMint
FNDA:0,MockTokenizedStrategy.maxMint
DA:579,0
FN:590,MockTokenizedStrategy.maxWithdraw
FNDA:0,MockTokenizedStrategy.maxWithdraw
DA:591,0
FN:599,MockTokenizedStrategy.maxWithdraw
FNDA:0,MockTokenizedStrategy.maxWithdraw
DA:600,0
FN:611,MockTokenizedStrategy.maxRedeem
FNDA:0,MockTokenizedStrategy.maxRedeem
DA:612,0
FN:620,MockTokenizedStrategy.maxRedeem
FNDA:0,MockTokenizedStrategy.maxRedeem
DA:621,0
FN:629,MockTokenizedStrategy._totalAssets
FNDA:5,MockTokenizedStrategy._totalAssets
DA:630,5
FN:634,MockTokenizedStrategy._totalSupply
FNDA:8,MockTokenizedStrategy._totalSupply
DA:635,8
FN:639,MockTokenizedStrategy._convertToShares
FNDA:8,MockTokenizedStrategy._convertToShares
DA:645,8
DA:647,8
DA:649,1
DA:651,1
DA:653,1
FN:657,MockTokenizedStrategy._convertToAssets
FNDA:0,MockTokenizedStrategy._convertToAssets
DA:663,0
DA:665,0
FN:669,MockTokenizedStrategy._maxDeposit
FNDA:0,MockTokenizedStrategy._maxDeposit
DA:671,0
DA:673,0
FN:677,MockTokenizedStrategy._maxMint
FNDA:0,MockTokenizedStrategy._maxMint
DA:679,0
DA:681,0
DA:682,0
BRDA:682,17,0,-
DA:683,0
FN:688,MockTokenizedStrategy._maxWithdraw
FNDA:0,MockTokenizedStrategy._maxWithdraw
DA:690,0
DA:693,0
BRDA:693,18,0,-
BRDA:693,18,1,-
DA:695,0
DA:697,0
FN:702,MockTokenizedStrategy._maxRedeem
FNDA:0,MockTokenizedStrategy._maxRedeem
DA:704,0
DA:707,0
BRDA:707,19,0,-
BRDA:707,19,1,-
DA:708,0
DA:710,0
FN:732,MockTokenizedStrategy._deposit
FNDA:7,MockTokenizedStrategy._deposit
DA:734,7
DA:736,7
BRDA:736,20,0,7
BRDA:736,20,1,-
DA:737,7
DA:739,0
DA:748,7
DA:753,7
DA:756,7
DA:758,7
FN:770,MockTokenizedStrategy._withdraw
FNDA:1,MockTokenizedStrategy._withdraw
DA:778,1
BRDA:778,21,0,-
BRDA:778,21,1,-
DA:781,1
DA:783,1
DA:784,1
DA:786,1
BRDA:786,22,0,1
DA:789,1
DA:793,1
DA:796,1
BRDA:796,23,0,-
DA:798,0
DA:801,0
BRDA:801,24,0,-
DA:803,0
BRDA:803,25,0,-
BRDA:803,25,1,-
DA:806,0
DA:811,1
DA:813,1
DA:815,1
BRDA:815,26,0,1
BRDA:815,26,1,-
DA:816,1
DA:817,1
BRDA:817,27,0,-
BRDA:817,27,1,-
DA:820,0
DA:823,1
DA:826,0
FN:833,MockTokenizedStrategy.report
FNDA:1,MockTokenizedStrategy.report
DA:835,1
DA:837,1
DA:838,1
DA:840,1
BRDA:840,28,0,1
BRDA:840,28,1,-
DA:841,1
DA:842,1
BRDA:842,29,0,-
BRDA:842,29,1,-
DA:845,0
DA:848,1
DA:849,1
DA:852,1
DA:859,1
FN:885,MockTokenizedStrategy.tend
FNDA:1,MockTokenizedStrategy.tend
DA:886,1
DA:887,1
DA:889,1
FN:908,MockTokenizedStrategy.shutdownStrategy
FNDA:1,MockTokenizedStrategy.shutdownStrategy
DA:909,1
DA:911,1
FN:927,MockTokenizedStrategy.emergencyWithdraw
FNDA:1,MockTokenizedStrategy.emergencyWithdraw
DA:929,1
BRDA:929,30,0,-
BRDA:929,30,1,-
DA:932,1
FN:943,MockTokenizedStrategy.asset
FNDA:0,MockTokenizedStrategy.asset
DA:944,0
FN:951,MockTokenizedStrategy.apiVersion
FNDA:0,MockTokenizedStrategy.apiVersion
DA:952,0
FN:959,MockTokenizedStrategy.management
FNDA:1,MockTokenizedStrategy.management
DA:960,1
FN:967,MockTokenizedStrategy.pendingManagement
FNDA:0,MockTokenizedStrategy.pendingManagement
DA:968,0
FN:971,MockTokenizedStrategy.owner
FNDA:10,MockTokenizedStrategy.owner
DA:972,10
FN:975,MockTokenizedStrategy.dragonRouter
FNDA:1,MockTokenizedStrategy.dragonRouter
DA:976,1
FN:983,MockTokenizedStrategy.keeper
FNDA:1,MockTokenizedStrategy.keeper
DA:984,1
FN:991,MockTokenizedStrategy.emergencyAdmin
FNDA:0,MockTokenizedStrategy.emergencyAdmin
DA:992,0
FN:999,MockTokenizedStrategy.lastReport
FNDA:3,MockTokenizedStrategy.lastReport
DA:1000,3
FN:1010,MockTokenizedStrategy.pricePerShare
FNDA:0,MockTokenizedStrategy.pricePerShare
DA:1011,0
DA:1012,0
FN:1019,MockTokenizedStrategy.isShutdown
FNDA:0,MockTokenizedStrategy.isShutdown
DA:1020,0
FN:1037,MockTokenizedStrategy.setPendingManagement
FNDA:0,MockTokenizedStrategy.setPendingManagement
DA:1038,0
BRDA:1038,31,0,-
BRDA:1038,31,1,-
DA:1039,0
DA:1041,0
FN:1048,MockTokenizedStrategy.acceptManagement
FNDA:0,MockTokenizedStrategy.acceptManagement
DA:1049,0
DA:1050,0
BRDA:1050,32,0,-
BRDA:1050,32,1,-
DA:1051,0
DA:1052,0
DA:1054,0
FN:1063,MockTokenizedStrategy.setKeeper
FNDA:0,MockTokenizedStrategy.setKeeper
DA:1064,0
DA:1066,0
FN:1075,MockTokenizedStrategy.setEmergencyAdmin
FNDA:0,MockTokenizedStrategy.setEmergencyAdmin
DA:1076,0
DA:1078,0
FN:1089,MockTokenizedStrategy.name
FNDA:0,MockTokenizedStrategy.name
DA:1090,0
FN:1098,MockTokenizedStrategy.symbol
FNDA:0,MockTokenizedStrategy.symbol
DA:1099,0
FN:1106,MockTokenizedStrategy.decimals
FNDA:0,MockTokenizedStrategy.decimals
DA:1107,0
FN:1117,MockTokenizedStrategy.balanceOf
FNDA:4,MockTokenizedStrategy.balanceOf
DA:1118,4
FN:1122,MockTokenizedStrategy._balanceOf
FNDA:4,MockTokenizedStrategy._balanceOf
DA:1123,4
FN:1139,MockTokenizedStrategy.transfer
FNDA:0,MockTokenizedStrategy.transfer
DA:1140,0
DA:1141,0
FN:1154,MockTokenizedStrategy.allowance
FNDA:0,MockTokenizedStrategy.allowance
DA:1155,0
FN:1159,MockTokenizedStrategy._allowance
FNDA:0,MockTokenizedStrategy._allowance
DA:1160,0
FN:1187,MockTokenizedStrategy.approve
FNDA:0,MockTokenizedStrategy.approve
DA:1188,0
DA:1189,0
FN:1219,MockTokenizedStrategy.transferFrom
FNDA:0,MockTokenizedStrategy.transferFrom
DA:1220,0
DA:1221,0
DA:1222,0
DA:1223,0
FN:1242,MockTokenizedStrategy._transfer
FNDA:0,MockTokenizedStrategy._transfer
DA:1243,0
BRDA:1243,33,0,-
BRDA:1243,33,1,-
DA:1244,0
BRDA:1244,34,0,-
BRDA:1244,34,1,-
DA:1245,0
BRDA:1245,35,0,-
BRDA:1245,35,1,-
DA:1247,0
DA:1249,0
DA:1252,0
FN:1266,MockTokenizedStrategy._mint
FNDA:7,MockTokenizedStrategy._mint
DA:1267,7
BRDA:1267,36,0,-
BRDA:1267,36,1,-
DA:1269,7
DA:1271,7
DA:1273,7
FN:1287,MockTokenizedStrategy._burn
FNDA:1,MockTokenizedStrategy._burn
DA:1288,1
BRDA:1288,37,0,-
BRDA:1288,37,1,-
DA:1290,1
DA:1292,1
DA:1294,1
FN:1310,MockTokenizedStrategy._approve
FNDA:0,MockTokenizedStrategy._approve
DA:1311,0
BRDA:1311,38,0,-
BRDA:1311,38,1,-
DA:1312,0
BRDA:1312,39,0,-
BRDA:1312,39,1,-
DA:1314,0
DA:1315,0
FN:1326,MockTokenizedStrategy._spendAllowance
FNDA:0,MockTokenizedStrategy._spendAllowance
DA:1327,0
DA:1328,0
BRDA:1328,40,0,-
DA:1329,0
BRDA:1329,41,0,-
BRDA:1329,41,1,-
DA:1331,0
FN:1350,MockTokenizedStrategy.nonces
FNDA:0,MockTokenizedStrategy.nonces
DA:1351,0
FN:1375,MockTokenizedStrategy.permit
FNDA:0,MockTokenizedStrategy.permit
DA:1378,0
BRDA:1378,42,0,-
BRDA:1378,42,1,-
DA:1383,0
DA:1407,0
BRDA:1407,43,0,-
BRDA:1407,43,1,-
DA:1409,0
FN:1419,MockTokenizedStrategy.DOMAIN_SEPARATOR
FNDA:0,MockTokenizedStrategy.DOMAIN_SEPARATOR
DA:1420,0
FN:1435,MockTokenizedStrategy.
FNDA:10,MockTokenizedStrategy.
DA:1436,10
FNF:78
FNH:31
LF:195
LH:93
BRF:75
BRH:8
end_of_record
TN:
SF:test/mocks/MockYieldSource.sol
FN:11,MockYieldSource.
FNDA:65,MockYieldSource.
DA:12,65
FN:15,MockYieldSource.deposit
FNDA:8456,MockYieldSource.deposit
DA:16,8456
BRDA:16,0,0,8448
FN:19,MockYieldSource.withdraw
FNDA:3329,MockYieldSource.withdraw
DA:20,3329
DA:21,3329
DA:22,3329
BRDA:22,1,0,4
DA:23,4
DA:24,4
BRDA:24,2,0,-
BRDA:24,2,1,-
DA:25,4
DA:27,3325
FN:30,MockYieldSource.balance
FNDA:1793,MockYieldSource.balance
DA:31,1793
FN:34,MockYieldSource.simulateHarvestRewards
FNDA:1,MockYieldSource.simulateHarvestRewards
DA:35,1
BRDA:35,3,0,1
DA:36,1
DA:37,1
BRDA:37,4,0,-
BRDA:37,4,1,-
DA:38,1
DA:40,0
FN:43,MockYieldSource.simulateLoss
FNDA:0,MockYieldSource.simulateLoss
DA:44,0
FNF:6
FNH:5
LF:16
LH:14
BRF:7
BRH:3
end_of_record
TN:
SF:test/vaults/ERC20Standard.t.sol
FN:391,ERC20User.erc20_approve
FNDA:0,ERC20User.erc20_approve
DA:392,0
FN:395,ERC20User.erc20_permit
FNDA:3080,ERC20User.erc20_permit
DA:405,3080
FN:408,ERC20User.erc20_transfer
FNDA:0,ERC20User.erc20_transfer
DA:409,0
FN:412,ERC20User.erc20_transferFrom
FNDA:0,ERC20User.erc20_transferFrom
DA:416,0
FNF:4
FNH:1
LF:4
LH:1
BRF:0
BRH:0
end_of_record
TN:
SF:test/vaults/ExtendedTest.sol
FN:8,ExtendedTest.assertNeq
FNDA:0,ExtendedTest.assertNeq
DA:9,0
BRDA:9,0,0,-
DA:10,0
DA:11,0
DA:12,0
DA:13,0
FN:21,ExtendedTest.assertRelApproxEq
FNDA:768,ExtendedTest.assertRelApproxEq
DA:22,768
DA:23,0
DA:25,768
BRDA:25,1,0,-
DA:26,0
DA:27,0
DA:28,0
DA:29,0
DA:30,0
DA:31,0
FN:37,ExtendedTest.assertApproxEq
FNDA:0,ExtendedTest.assertApproxEq
DA:38,0
BRDA:38,2,0,-
BRDA:38,2,1,-
DA:39,0
BRDA:39,3,0,-
DA:40,0
DA:41,0
DA:42,0
DA:43,0
DA:46,0
BRDA:46,4,0,-
DA:47,0
DA:48,0
DA:49,0
DA:50,0
FN:56,ExtendedTest.assertApproxEq
FNDA:4608,ExtendedTest.assertApproxEq
DA:57,4608
BRDA:57,5,0,-
BRDA:57,5,1,-
DA:58,0
BRDA:58,6,0,-
DA:59,0
DA:60,0
DA:61,0
DA:62,0
DA:65,4608
BRDA:65,7,0,-
DA:66,0
DA:67,0
DA:68,0
DA:69,0
FNF:4
FNH:2
LF:36
LH:4
BRF:10
BRH:0
end_of_record
TN:
SF:test/vaults/Setup.sol
FN:48,Setup.setUp
FNDA:55,Setup.setUp
DA:49,55
DA:52,55
DA:54,55
DA:57,55
DA:59,55
DA:62,55
DA:65,55
DA:68,55
DA:71,55
DA:73,55
DA:74,55
DA:77,55
DA:78,55
DA:79,55
DA:80,55
DA:81,55
DA:82,55
DA:83,55
FN:86,Setup.setUpStrategy
FNDA:56,Setup.setUpStrategy
DA:87,56
DA:100,56
DA:101,56
FN:104,Setup.mintAndDepositIntoStrategy
FNDA:6144,Setup.mintAndDepositIntoStrategy
DA:105,6144
DA:106,6144
DA:107,6144
DA:109,6144
DA:110,6144
FN:113,Setup.checkStrategyTotals
FNDA:4608,Setup.checkStrategyTotals
DA:120,4608
DA:121,4608
DA:122,4608
DA:123,4608
DA:124,4608
DA:125,0
DA:126,4608
DA:127,4608
DA:129,4608
FN:133,Setup.checkStrategyTotals
FNDA:1024,Setup.checkStrategyTotals
DA:136,1024
DA:137,1024
DA:138,1024
DA:139,1024
DA:140,1024
DA:141,0
DA:142,1024
DA:143,1024
FN:146,Setup.createAndCheckProfit
FNDA:0,Setup.createAndCheckProfit
DA:147,0
DA:148,0
DA:151,0
DA:152,0
DA:154,0
DA:155,0
DA:157,0
DA:158,0
DA:159,0
DA:160,0
DA:161,0
FN:164,Setup.createAndCheckLoss
FNDA:0,Setup.createAndCheckLoss
DA:165,0
DA:167,0
DA:169,0
DA:170,0
DA:172,0
DA:173,0
DA:175,0
DA:176,0
DA:177,0
DA:178,0
FN:181,Setup.increaseTimeAndCheckBuffer
FNDA:0,Setup.increaseTimeAndCheckBuffer
DA:182,0
DA:184,0
FNF:8
FNH:5
LF:66
LH:41
BRF:0
BRH:0
end_of_record
